/* JOBSPLIT: JOBSTARTTIME 28APR2025:22:11:26.80 */
/* JOBSPLIT: TASKSTARTTIME 28APR2025:22:11:26.81 */
/* JOBSPLIT: DATASET INPUT SEQ #C00001.CARS.DATA */
/* JOBSPLIT: LIBNAME #C00001 V9 'C:\Program Files\SASHome\x86\SASFoundation\9.4\core\sashelp' */
/* JOBSPLIT: CONCATMEM #C00001 SASHELP */
/* JOBSPLIT: LIBNAME SASHELP V9 '( 'C:\Program Files\SASHome\x86\SASFoundation\9.4\nls\en\SASCFG' 'C:\Program Files\SASHome\x86\SASFoundation\9.4\core\sashelp' 'C:\Program Files\SASHome\x86\SASFoundation\9.4\aacomp\sashelp' 'C:\Program Files\SASHome\x86\SASFoundation\9.4\af\sashelp' 'C:\Program Files\SASHome\x86\SASFoundation\9.4\cmp\sashelp' 'C:\Program Files\SASHome\x86\SASFoundation\9.4\graph\sashelp' 'C:\Program Files\SASHome\x86\SASFoundation\9.4\spdsclient\sashelp' 'C:\Program Files\SASHome\x86\SASFoundation\9.4\stat\sashelp' )' */
/* JOBSPLIT: OPENTIME #C00001.CARS.DATA DATE:28APR2025:22:11:26.81 PHYS:C:\Program Files\SASHome\x86\SASFoundation\9.4\core\sashelp\cars.sas7bdat SIZE:196608 */
/* JOBSPLIT: DATASET OUTPUT SEQ WORK.CARS1.DATA */
/* JOBSPLIT: LIBNAME WORK V9 'C:\Users\frank\AppData\Roaming\SAS\EnterpriseGuide\EGTEMP\SEG-38756-f124afd4\contents\SAS Temporary Files\_TD48380_DELL_\Prc2' */
/* JOBSPLIT: ATTR #C00001.CARS.DATA INPUT VARIABLE:Make TYPE:CHARACTER LENGTH:13 LABEL: FORMAT: INFORMAT: */
/* JOBSPLIT: ATTR #C00001.CARS.DATA INPUT VARIABLE:Model TYPE:CHARACTER LENGTH:40 LABEL: FORMAT: INFORMAT: */
/* JOBSPLIT: ATTR #C00001.CARS.DATA INPUT VARIABLE:Type TYPE:CHARACTER LENGTH:8 LABEL: FORMAT: INFORMAT: */
/* JOBSPLIT: ATTR #C00001.CARS.DATA INPUT VARIABLE:Origin TYPE:CHARACTER LENGTH:6 LABEL: FORMAT: INFORMAT: */
/* JOBSPLIT: ATTR #C00001.CARS.DATA INPUT VARIABLE:DriveTrain TYPE:CHARACTER LENGTH:5 LABEL: FORMAT: INFORMAT: */
/* JOBSPLIT: ATTR #C00001.CARS.DATA INPUT VARIABLE:MSRP TYPE:NUMERIC LENGTH:8 LABEL: FORMAT:DOLLAR8. INFORMAT: */
/* JOBSPLIT: ATTR #C00001.CARS.DATA INPUT VARIABLE:Invoice TYPE:NUMERIC LENGTH:8 LABEL: FORMAT:DOLLAR8. INFORMAT: */
/* JOBSPLIT: ATTR #C00001.CARS.DATA INPUT VARIABLE:EngineSize TYPE:NUMERIC LENGTH:8 LABEL:Engine Size (L) FORMAT: INFORMAT: */
/* JOBSPLIT: ATTR #C00001.CARS.DATA INPUT VARIABLE:Cylinders TYPE:NUMERIC LENGTH:8 LABEL: FORMAT: INFORMAT: */
/* JOBSPLIT: ATTR #C00001.CARS.DATA INPUT VARIABLE:Horsepower TYPE:NUMERIC LENGTH:8 LABEL: FORMAT: INFORMAT: */
/* JOBSPLIT: ATTR #C00001.CARS.DATA INPUT VARIABLE:MPG_City TYPE:NUMERIC LENGTH:8 LABEL:MPG (City) FORMAT: INFORMAT: */
/* JOBSPLIT: ATTR #C00001.CARS.DATA INPUT VARIABLE:MPG_Highway TYPE:NUMERIC LENGTH:8 LABEL:MPG (Highway) FORMAT: INFORMAT: */
/* JOBSPLIT: ATTR #C00001.CARS.DATA INPUT VARIABLE:Weight TYPE:NUMERIC LENGTH:8 LABEL:Weight (LBS) FORMAT: INFORMAT: */
/* JOBSPLIT: ATTR #C00001.CARS.DATA INPUT VARIABLE:Wheelbase TYPE:NUMERIC LENGTH:8 LABEL:Wheelbase (IN) FORMAT: INFORMAT: */
/* JOBSPLIT: ATTR #C00001.CARS.DATA INPUT VARIABLE:Length TYPE:NUMERIC LENGTH:8 LABEL:Length (IN) FORMAT: INFORMAT: */
/* JOBSPLIT: ATTR WORK.CARS1.DATA OUTPUT VARIABLE:Make TYPE:CHARACTER LENGTH:13 LABEL: FORMAT: INFORMAT: */
/* JOBSPLIT: ATTR WORK.CARS1.DATA OUTPUT VARIABLE:Type TYPE:CHARACTER LENGTH:8 LABEL: FORMAT: INFORMAT: */
/* JOBSPLIT: ATTR WORK.CARS1.DATA OUTPUT VARIABLE:Origin TYPE:CHARACTER LENGTH:6 LABEL: FORMAT: INFORMAT: */
/* JOBSPLIT: ATTR WORK.CARS1.DATA OUTPUT VARIABLE:DriveTrain TYPE:CHARACTER LENGTH:5 LABEL: FORMAT: INFORMAT: */
/* JOBSPLIT: ATTR WORK.CARS1.DATA OUTPUT VARIABLE:MSRP TYPE:NUMERIC LENGTH:8 LABEL: FORMAT:DOLLAR8. INFORMAT: */
/* JOBSPLIT: ATTR WORK.CARS1.DATA OUTPUT VARIABLE:Invoice TYPE:NUMERIC LENGTH:8 LABEL: FORMAT:DOLLAR8. INFORMAT: */
/* JOBSPLIT: ATTR WORK.CARS1.DATA OUTPUT VARIABLE:EngineSize TYPE:NUMERIC LENGTH:8 LABEL:Engine Size (L) FORMAT: INFORMAT: */
/* JOBSPLIT: ATTR WORK.CARS1.DATA OUTPUT VARIABLE:Cylinders TYPE:NUMERIC LENGTH:8 LABEL: FORMAT: INFORMAT: */
/* JOBSPLIT: ATTR WORK.CARS1.DATA OUTPUT VARIABLE:Horsepower TYPE:NUMERIC LENGTH:8 LABEL: FORMAT: INFORMAT: */
/* JOBSPLIT: ATTR WORK.CARS1.DATA OUTPUT VARIABLE:MPG_City TYPE:NUMERIC LENGTH:8 LABEL:MPG (City) FORMAT: INFORMAT: */
/* JOBSPLIT: ATTR WORK.CARS1.DATA OUTPUT VARIABLE:MPG_Highway TYPE:NUMERIC LENGTH:8 LABEL:MPG (Highway) FORMAT: INFORMAT: */
/* JOBSPLIT: ATTR WORK.CARS1.DATA OUTPUT VARIABLE:Weight TYPE:NUMERIC LENGTH:8 LABEL:Weight (LBS) FORMAT: INFORMAT: */
/* JOBSPLIT: ATTR WORK.CARS1.DATA OUTPUT VARIABLE:Wheelbase TYPE:NUMERIC LENGTH:8 LABEL:Wheelbase (IN) FORMAT: INFORMAT: */
/* JOBSPLIT: ATTR WORK.CARS1.DATA OUTPUT VARIABLE:Length TYPE:NUMERIC LENGTH:8 LABEL:Length (IN) FORMAT: INFORMAT: */
/* JOBSPLIT: ELAPSED 34  */
/* JOBSPLIT: SYSSCP WIN */
/* JOBSPLIT: PROCNAME DATASTEP */
/* JOBSPLIT: STEP SOURCE FOLLOWS */

data cars1;
  set sashelp.cars(drop=model);
run;


/* JOBSPLIT: TASKSTARTTIME 28APR2025:22:11:26.84 */
/* JOBSPLIT: DATASET INPUT SEQ #C00001.CARS.DATA */
/* JOBSPLIT: LIBNAME #C00001 V9 'C:\Program Files\SASHome\x86\SASFoundation\9.4\core\sashelp' */
/* JOBSPLIT: CONCATMEM #C00001 SASHELP */
/* JOBSPLIT: LIBNAME SASHELP V9 '( 'C:\Program Files\SASHome\x86\SASFoundation\9.4\nls\en\SASCFG' 'C:\Program Files\SASHome\x86\SASFoundation\9.4\core\sashelp' 'C:\Program Files\SASHome\x86\SASFoundation\9.4\aacomp\sashelp' 'C:\Program Files\SASHome\x86\SASFoundation\9.4\af\sashelp' 'C:\Program Files\SASHome\x86\SASFoundation\9.4\cmp\sashelp' 'C:\Program Files\SASHome\x86\SASFoundation\9.4\graph\sashelp' 'C:\Program Files\SASHome\x86\SASFoundation\9.4\spdsclient\sashelp' 'C:\Program Files\SASHome\x86\SASFoundation\9.4\stat\sashelp' )' */
/* JOBSPLIT: OPENTIME #C00001.CARS.DATA DATE:28APR2025:22:11:26.84 PHYS:C:\Program Files\SASHome\x86\SASFoundation\9.4\core\sashelp\cars.sas7bdat SIZE:196608 */
/* JOBSPLIT: DATASET OUTPUT SEQ WORK.CARS2.DATA */
/* JOBSPLIT: LIBNAME WORK V9 'C:\Users\frank\AppData\Roaming\SAS\EnterpriseGuide\EGTEMP\SEG-38756-f124afd4\contents\SAS Temporary Files\_TD48380_DELL_\Prc2' */
/* JOBSPLIT: ATTR #C00001.CARS.DATA INPUT VARIABLE:Make TYPE:CHARACTER LENGTH:13 LABEL: FORMAT: INFORMAT: */
/* JOBSPLIT: ATTR #C00001.CARS.DATA INPUT VARIABLE:Model TYPE:CHARACTER LENGTH:40 LABEL: FORMAT: INFORMAT: */
/* JOBSPLIT: ATTR #C00001.CARS.DATA INPUT VARIABLE:Type TYPE:CHARACTER LENGTH:8 LABEL: FORMAT: INFORMAT: */
/* JOBSPLIT: ATTR #C00001.CARS.DATA INPUT VARIABLE:Origin TYPE:CHARACTER LENGTH:6 LABEL: FORMAT: INFORMAT: */
/* JOBSPLIT: ATTR #C00001.CARS.DATA INPUT VARIABLE:DriveTrain TYPE:CHARACTER LENGTH:5 LABEL: FORMAT: INFORMAT: */
/* JOBSPLIT: ATTR #C00001.CARS.DATA INPUT VARIABLE:MSRP TYPE:NUMERIC LENGTH:8 LABEL: FORMAT:DOLLAR8. INFORMAT: */
/* JOBSPLIT: ATTR #C00001.CARS.DATA INPUT VARIABLE:Invoice TYPE:NUMERIC LENGTH:8 LABEL: FORMAT:DOLLAR8. INFORMAT: */
/* JOBSPLIT: ATTR #C00001.CARS.DATA INPUT VARIABLE:EngineSize TYPE:NUMERIC LENGTH:8 LABEL:Engine Size (L) FORMAT: INFORMAT: */
/* JOBSPLIT: ATTR #C00001.CARS.DATA INPUT VARIABLE:Cylinders TYPE:NUMERIC LENGTH:8 LABEL: FORMAT: INFORMAT: */
/* JOBSPLIT: ATTR #C00001.CARS.DATA INPUT VARIABLE:Horsepower TYPE:NUMERIC LENGTH:8 LABEL: FORMAT: INFORMAT: */
/* JOBSPLIT: ATTR #C00001.CARS.DATA INPUT VARIABLE:MPG_City TYPE:NUMERIC LENGTH:8 LABEL:MPG (City) FORMAT: INFORMAT: */
/* JOBSPLIT: ATTR #C00001.CARS.DATA INPUT VARIABLE:MPG_Highway TYPE:NUMERIC LENGTH:8 LABEL:MPG (Highway) FORMAT: INFORMAT: */
/* JOBSPLIT: ATTR #C00001.CARS.DATA INPUT VARIABLE:Weight TYPE:NUMERIC LENGTH:8 LABEL:Weight (LBS) FORMAT: INFORMAT: */
/* JOBSPLIT: ATTR #C00001.CARS.DATA INPUT VARIABLE:Wheelbase TYPE:NUMERIC LENGTH:8 LABEL:Wheelbase (IN) FORMAT: INFORMAT: */
/* JOBSPLIT: ATTR #C00001.CARS.DATA INPUT VARIABLE:Length TYPE:NUMERIC LENGTH:8 LABEL:Length (IN) FORMAT: INFORMAT: */
/* JOBSPLIT: ATTR WORK.CARS2.DATA OUTPUT VARIABLE:Make TYPE:CHARACTER LENGTH:13 LABEL: FORMAT: INFORMAT: */
/* JOBSPLIT: ATTR WORK.CARS2.DATA OUTPUT VARIABLE:Type TYPE:CHARACTER LENGTH:8 LABEL: FORMAT: INFORMAT: */
/* JOBSPLIT: ATTR WORK.CARS2.DATA OUTPUT VARIABLE:Origin TYPE:CHARACTER LENGTH:6 LABEL: FORMAT: INFORMAT: */
/* JOBSPLIT: ATTR WORK.CARS2.DATA OUTPUT VARIABLE:DriveTrain TYPE:CHARACTER LENGTH:5 LABEL: FORMAT: INFORMAT: */
/* JOBSPLIT: ATTR WORK.CARS2.DATA OUTPUT VARIABLE:MSRP TYPE:NUMERIC LENGTH:8 LABEL: FORMAT:DOLLAR8. INFORMAT: */
/* JOBSPLIT: ATTR WORK.CARS2.DATA OUTPUT VARIABLE:Invoice TYPE:NUMERIC LENGTH:8 LABEL: FORMAT:DOLLAR8. INFORMAT: */
/* JOBSPLIT: ATTR WORK.CARS2.DATA OUTPUT VARIABLE:EngineSize TYPE:NUMERIC LENGTH:8 LABEL:Engine Size (L) FORMAT: INFORMAT: */
/* JOBSPLIT: ATTR WORK.CARS2.DATA OUTPUT VARIABLE:Cylinders TYPE:NUMERIC LENGTH:8 LABEL: FORMAT: INFORMAT: */
/* JOBSPLIT: ATTR WORK.CARS2.DATA OUTPUT VARIABLE:Horsepower TYPE:NUMERIC LENGTH:8 LABEL: FORMAT: INFORMAT: */
/* JOBSPLIT: ATTR WORK.CARS2.DATA OUTPUT VARIABLE:MPG_City TYPE:NUMERIC LENGTH:8 LABEL:MPG (City) FORMAT: INFORMAT: */
/* JOBSPLIT: ATTR WORK.CARS2.DATA OUTPUT VARIABLE:MPG_Highway TYPE:NUMERIC LENGTH:8 LABEL:MPG (Highway) FORMAT: INFORMAT: */
/* JOBSPLIT: ATTR WORK.CARS2.DATA OUTPUT VARIABLE:Weight TYPE:NUMERIC LENGTH:8 LABEL:Weight (LBS) FORMAT: INFORMAT: */
/* JOBSPLIT: ATTR WORK.CARS2.DATA OUTPUT VARIABLE:Wheelbase TYPE:NUMERIC LENGTH:8 LABEL:Wheelbase (IN) FORMAT: INFORMAT: */
/* JOBSPLIT: ATTR WORK.CARS2.DATA OUTPUT VARIABLE:Length TYPE:NUMERIC LENGTH:8 LABEL:Length (IN) FORMAT: INFORMAT: */
/* JOBSPLIT: ELAPSED 33  */
/* JOBSPLIT: PROCNAME DATASTEP */
/* JOBSPLIT: STEP SOURCE FOLLOWS */
data cars2;
  set sashelp.cars;
  drop model;
run;


/* JOBSPLIT: TASKSTARTTIME 28APR2025:22:11:26.88 */
/* JOBSPLIT: DATASET INPUT SEQ #C00001.CARS.DATA */
/* JOBSPLIT: LIBNAME #C00001 V9 'C:\Program Files\SASHome\x86\SASFoundation\9.4\core\sashelp' */
/* JOBSPLIT: CONCATMEM #C00001 SASHELP */
/* JOBSPLIT: LIBNAME SASHELP V9 '( 'C:\Program Files\SASHome\x86\SASFoundation\9.4\nls\en\SASCFG' 'C:\Program Files\SASHome\x86\SASFoundation\9.4\core\sashelp' 'C:\Program Files\SASHome\x86\SASFoundation\9.4\aacomp\sashelp' 'C:\Program Files\SASHome\x86\SASFoundation\9.4\af\sashelp' 'C:\Program Files\SASHome\x86\SASFoundation\9.4\cmp\sashelp' 'C:\Program Files\SASHome\x86\SASFoundation\9.4\graph\sashelp' 'C:\Program Files\SASHome\x86\SASFoundation\9.4\spdsclient\sashelp' 'C:\Program Files\SASHome\x86\SASFoundation\9.4\stat\sashelp' )' */
/* JOBSPLIT: OPENTIME #C00001.CARS.DATA DATE:28APR2025:22:11:26.88 PHYS:C:\Program Files\SASHome\x86\SASFoundation\9.4\core\sashelp\cars.sas7bdat SIZE:196608 */
/* JOBSPLIT: DATASET OUTPUT SEQ WORK.CARS3.DATA */
/* JOBSPLIT: LIBNAME WORK V9 'C:\Users\frank\AppData\Roaming\SAS\EnterpriseGuide\EGTEMP\SEG-38756-f124afd4\contents\SAS Temporary Files\_TD48380_DELL_\Prc2' */
/* JOBSPLIT: ATTR #C00001.CARS.DATA INPUT VARIABLE:Make TYPE:CHARACTER LENGTH:13 LABEL: FORMAT: INFORMAT: */
/* JOBSPLIT: ATTR #C00001.CARS.DATA INPUT VARIABLE:Model TYPE:CHARACTER LENGTH:40 LABEL: FORMAT: INFORMAT: */
/* JOBSPLIT: ATTR #C00001.CARS.DATA INPUT VARIABLE:Type TYPE:CHARACTER LENGTH:8 LABEL: FORMAT: INFORMAT: */
/* JOBSPLIT: ATTR #C00001.CARS.DATA INPUT VARIABLE:Origin TYPE:CHARACTER LENGTH:6 LABEL: FORMAT: INFORMAT: */
/* JOBSPLIT: ATTR #C00001.CARS.DATA INPUT VARIABLE:DriveTrain TYPE:CHARACTER LENGTH:5 LABEL: FORMAT: INFORMAT: */
/* JOBSPLIT: ATTR #C00001.CARS.DATA INPUT VARIABLE:MSRP TYPE:NUMERIC LENGTH:8 LABEL: FORMAT:DOLLAR8. INFORMAT: */
/* JOBSPLIT: ATTR #C00001.CARS.DATA INPUT VARIABLE:Invoice TYPE:NUMERIC LENGTH:8 LABEL: FORMAT:DOLLAR8. INFORMAT: */
/* JOBSPLIT: ATTR #C00001.CARS.DATA INPUT VARIABLE:EngineSize TYPE:NUMERIC LENGTH:8 LABEL:Engine Size (L) FORMAT: INFORMAT: */
/* JOBSPLIT: ATTR #C00001.CARS.DATA INPUT VARIABLE:Cylinders TYPE:NUMERIC LENGTH:8 LABEL: FORMAT: INFORMAT: */
/* JOBSPLIT: ATTR #C00001.CARS.DATA INPUT VARIABLE:Horsepower TYPE:NUMERIC LENGTH:8 LABEL: FORMAT: INFORMAT: */
/* JOBSPLIT: ATTR #C00001.CARS.DATA INPUT VARIABLE:MPG_City TYPE:NUMERIC LENGTH:8 LABEL:MPG (City) FORMAT: INFORMAT: */
/* JOBSPLIT: ATTR #C00001.CARS.DATA INPUT VARIABLE:MPG_Highway TYPE:NUMERIC LENGTH:8 LABEL:MPG (Highway) FORMAT: INFORMAT: */
/* JOBSPLIT: ATTR #C00001.CARS.DATA INPUT VARIABLE:Weight TYPE:NUMERIC LENGTH:8 LABEL:Weight (LBS) FORMAT: INFORMAT: */
/* JOBSPLIT: ATTR #C00001.CARS.DATA INPUT VARIABLE:Wheelbase TYPE:NUMERIC LENGTH:8 LABEL:Wheelbase (IN) FORMAT: INFORMAT: */
/* JOBSPLIT: ATTR #C00001.CARS.DATA INPUT VARIABLE:Length TYPE:NUMERIC LENGTH:8 LABEL:Length (IN) FORMAT: INFORMAT: */
/* JOBSPLIT: ATTR WORK.CARS3.DATA OUTPUT VARIABLE:Make TYPE:CHARACTER LENGTH:13 LABEL: FORMAT: INFORMAT: */
/* JOBSPLIT: ATTR WORK.CARS3.DATA OUTPUT VARIABLE:Type TYPE:CHARACTER LENGTH:8 LABEL: FORMAT: INFORMAT: */
/* JOBSPLIT: ATTR WORK.CARS3.DATA OUTPUT VARIABLE:Origin TYPE:CHARACTER LENGTH:6 LABEL: FORMAT: INFORMAT: */
/* JOBSPLIT: ATTR WORK.CARS3.DATA OUTPUT VARIABLE:DriveTrain TYPE:CHARACTER LENGTH:5 LABEL: FORMAT: INFORMAT: */
/* JOBSPLIT: ATTR WORK.CARS3.DATA OUTPUT VARIABLE:MSRP TYPE:NUMERIC LENGTH:8 LABEL: FORMAT:DOLLAR8. INFORMAT: */
/* JOBSPLIT: ATTR WORK.CARS3.DATA OUTPUT VARIABLE:Invoice TYPE:NUMERIC LENGTH:8 LABEL: FORMAT:DOLLAR8. INFORMAT: */
/* JOBSPLIT: ATTR WORK.CARS3.DATA OUTPUT VARIABLE:EngineSize TYPE:NUMERIC LENGTH:8 LABEL:Engine Size (L) FORMAT: INFORMAT: */
/* JOBSPLIT: ATTR WORK.CARS3.DATA OUTPUT VARIABLE:Cylinders TYPE:NUMERIC LENGTH:8 LABEL: FORMAT: INFORMAT: */
/* JOBSPLIT: ATTR WORK.CARS3.DATA OUTPUT VARIABLE:Horsepower TYPE:NUMERIC LENGTH:8 LABEL: FORMAT: INFORMAT: */
/* JOBSPLIT: ATTR WORK.CARS3.DATA OUTPUT VARIABLE:MPG_City TYPE:NUMERIC LENGTH:8 LABEL:MPG (City) FORMAT: INFORMAT: */
/* JOBSPLIT: ATTR WORK.CARS3.DATA OUTPUT VARIABLE:MPG_Highway TYPE:NUMERIC LENGTH:8 LABEL:MPG (Highway) FORMAT: INFORMAT: */
/* JOBSPLIT: ATTR WORK.CARS3.DATA OUTPUT VARIABLE:Weight TYPE:NUMERIC LENGTH:8 LABEL:Weight (LBS) FORMAT: INFORMAT: */
/* JOBSPLIT: ATTR WORK.CARS3.DATA OUTPUT VARIABLE:Wheelbase TYPE:NUMERIC LENGTH:8 LABEL:Wheelbase (IN) FORMAT: INFORMAT: */
/* JOBSPLIT: ATTR WORK.CARS3.DATA OUTPUT VARIABLE:Length TYPE:NUMERIC LENGTH:8 LABEL:Length (IN) FORMAT: INFORMAT: */
/* JOBSPLIT: ELAPSED 32  */
/* JOBSPLIT: PROCNAME DATASTEP */
/* JOBSPLIT: STEP SOURCE FOLLOWS */
data cars3(drop=model);
  set sashelp.cars;
run;


/* JOBSPLIT: TASKSTARTTIME 28APR2025:22:11:26.91 */
/* JOBSPLIT: DATASET INPUT SEQ #C00001.CARS.DATA */
/* JOBSPLIT: LIBNAME #C00001 V9 'C:\Program Files\SASHome\x86\SASFoundation\9.4\core\sashelp' */
/* JOBSPLIT: CONCATMEM #C00001 SASHELP */
/* JOBSPLIT: LIBNAME SASHELP V9 '( 'C:\Program Files\SASHome\x86\SASFoundation\9.4\nls\en\SASCFG' 'C:\Program Files\SASHome\x86\SASFoundation\9.4\core\sashelp' 'C:\Program Files\SASHome\x86\SASFoundation\9.4\aacomp\sashelp' 'C:\Program Files\SASHome\x86\SASFoundation\9.4\af\sashelp' 'C:\Program Files\SASHome\x86\SASFoundation\9.4\cmp\sashelp' 'C:\Program Files\SASHome\x86\SASFoundation\9.4\graph\sashelp' 'C:\Program Files\SASHome\x86\SASFoundation\9.4\spdsclient\sashelp' 'C:\Program Files\SASHome\x86\SASFoundation\9.4\stat\sashelp' )' */
/* JOBSPLIT: OPENTIME #C00001.CARS.DATA DATE:28APR2025:22:11:26.91 PHYS:C:\Program Files\SASHome\x86\SASFoundation\9.4\core\sashelp\cars.sas7bdat SIZE:196608 */
/* JOBSPLIT: DATASET OUTPUT SEQ WORK.CARS4.DATA */
/* JOBSPLIT: LIBNAME WORK V9 'C:\Users\frank\AppData\Roaming\SAS\EnterpriseGuide\EGTEMP\SEG-38756-f124afd4\contents\SAS Temporary Files\_TD48380_DELL_\Prc2' */
/* JOBSPLIT: FILE OUTPUT C:\Projekte\Scaproc\log\parameter_attr_speazial.scaproc.log */
/* JOBSPLIT: ATTR #C00001.CARS.DATA INPUT VARIABLE:Make TYPE:CHARACTER LENGTH:13 LABEL: FORMAT: INFORMAT: */
/* JOBSPLIT: ATTR #C00001.CARS.DATA INPUT VARIABLE:Model TYPE:CHARACTER LENGTH:40 LABEL: FORMAT: INFORMAT: */
/* JOBSPLIT: ATTR #C00001.CARS.DATA INPUT VARIABLE:Type TYPE:CHARACTER LENGTH:8 LABEL: FORMAT: INFORMAT: */
/* JOBSPLIT: ATTR #C00001.CARS.DATA INPUT VARIABLE:Origin TYPE:CHARACTER LENGTH:6 LABEL: FORMAT: INFORMAT: */
/* JOBSPLIT: ATTR #C00001.CARS.DATA INPUT VARIABLE:DriveTrain TYPE:CHARACTER LENGTH:5 LABEL: FORMAT: INFORMAT: */
/* JOBSPLIT: ATTR #C00001.CARS.DATA INPUT VARIABLE:MSRP TYPE:NUMERIC LENGTH:8 LABEL: FORMAT:DOLLAR8. INFORMAT: */
/* JOBSPLIT: ATTR #C00001.CARS.DATA INPUT VARIABLE:Invoice TYPE:NUMERIC LENGTH:8 LABEL: FORMAT:DOLLAR8. INFORMAT: */
/* JOBSPLIT: ATTR #C00001.CARS.DATA INPUT VARIABLE:EngineSize TYPE:NUMERIC LENGTH:8 LABEL:Engine Size (L) FORMAT: INFORMAT: */
/* JOBSPLIT: ATTR #C00001.CARS.DATA INPUT VARIABLE:Cylinders TYPE:NUMERIC LENGTH:8 LABEL: FORMAT: INFORMAT: */
/* JOBSPLIT: ATTR #C00001.CARS.DATA INPUT VARIABLE:Horsepower TYPE:NUMERIC LENGTH:8 LABEL: FORMAT: INFORMAT: */
/* JOBSPLIT: ATTR #C00001.CARS.DATA INPUT VARIABLE:MPG_City TYPE:NUMERIC LENGTH:8 LABEL:MPG (City) FORMAT: INFORMAT: */
/* JOBSPLIT: ATTR #C00001.CARS.DATA INPUT VARIABLE:MPG_Highway TYPE:NUMERIC LENGTH:8 LABEL:MPG (Highway) FORMAT: INFORMAT: */
/* JOBSPLIT: ATTR #C00001.CARS.DATA INPUT VARIABLE:Weight TYPE:NUMERIC LENGTH:8 LABEL:Weight (LBS) FORMAT: INFORMAT: */
/* JOBSPLIT: ATTR #C00001.CARS.DATA INPUT VARIABLE:Wheelbase TYPE:NUMERIC LENGTH:8 LABEL:Wheelbase (IN) FORMAT: INFORMAT: */
/* JOBSPLIT: ATTR #C00001.CARS.DATA INPUT VARIABLE:Length TYPE:NUMERIC LENGTH:8 LABEL:Length (IN) FORMAT: INFORMAT: */
/* JOBSPLIT: ATTR WORK.CARS4.DATA OUTPUT VARIABLE:Make TYPE:CHARACTER LENGTH:13 LABEL: FORMAT: INFORMAT: */
/* JOBSPLIT: ATTR WORK.CARS4.DATA OUTPUT VARIABLE:Type TYPE:CHARACTER LENGTH:8 LABEL: FORMAT: INFORMAT: */
/* JOBSPLIT: ATTR WORK.CARS4.DATA OUTPUT VARIABLE:Origin TYPE:CHARACTER LENGTH:6 LABEL: FORMAT: INFORMAT: */
/* JOBSPLIT: ATTR WORK.CARS4.DATA OUTPUT VARIABLE:DriveTrain TYPE:CHARACTER LENGTH:5 LABEL: FORMAT: INFORMAT: */
/* JOBSPLIT: ATTR WORK.CARS4.DATA OUTPUT VARIABLE:MSRP TYPE:NUMERIC LENGTH:8 LABEL: FORMAT:DOLLAR8. INFORMAT: */
/* JOBSPLIT: ATTR WORK.CARS4.DATA OUTPUT VARIABLE:Invoice TYPE:NUMERIC LENGTH:8 LABEL: FORMAT:DOLLAR8. INFORMAT: */
/* JOBSPLIT: ATTR WORK.CARS4.DATA OUTPUT VARIABLE:EngineSize TYPE:NUMERIC LENGTH:8 LABEL:Engine Size (L) FORMAT: INFORMAT: */
/* JOBSPLIT: ATTR WORK.CARS4.DATA OUTPUT VARIABLE:Cylinders TYPE:NUMERIC LENGTH:8 LABEL: FORMAT: INFORMAT: */
/* JOBSPLIT: ATTR WORK.CARS4.DATA OUTPUT VARIABLE:Horsepower TYPE:NUMERIC LENGTH:8 LABEL: FORMAT: INFORMAT: */
/* JOBSPLIT: ATTR WORK.CARS4.DATA OUTPUT VARIABLE:MPG_City TYPE:NUMERIC LENGTH:8 LABEL:MPG (City) FORMAT: INFORMAT: */
/* JOBSPLIT: ATTR WORK.CARS4.DATA OUTPUT VARIABLE:MPG_Highway TYPE:NUMERIC LENGTH:8 LABEL:MPG (Highway) FORMAT: INFORMAT: */
/* JOBSPLIT: ATTR WORK.CARS4.DATA OUTPUT VARIABLE:Weight TYPE:NUMERIC LENGTH:8 LABEL:Weight (LBS) FORMAT: INFORMAT: */
/* JOBSPLIT: ATTR WORK.CARS4.DATA OUTPUT VARIABLE:Wheelbase TYPE:NUMERIC LENGTH:8 LABEL:Wheelbase (IN) FORMAT: INFORMAT: */
/* JOBSPLIT: ATTR WORK.CARS4.DATA OUTPUT VARIABLE:Length TYPE:NUMERIC LENGTH:8 LABEL:Length (IN) FORMAT: INFORMAT: */
/* JOBSPLIT: SYMBOL SET SYS_SQL_IP_ALL */
/* JOBSPLIT: SYMBOL SET SQLOBS */
/* JOBSPLIT: SYMBOL SET SQLOOPS */
/* JOBSPLIT: SYMBOL SET SQLXOBS */
/* JOBSPLIT: SYMBOL SET SQLXOPENERRS */
/* JOBSPLIT: SYMBOL SET SQLRC */
/* JOBSPLIT: SYMBOL SET SQLEXITCODE */
/* JOBSPLIT: SYMBOL SET SYS_SQL_IP_STMT */
/* JOBSPLIT: SYMBOL GET SYS_SQL_UNPUT_TRACE */
/* JOBSPLIT: SYMBOL GET SQLMAGIC */
/* JOBSPLIT: ELAPSED 39  */
/* JOBSPLIT: PROCNAME SQL */
/* JOBSPLIT: STEP SOURCE FOLLOWS */
proc sql;
  create table cars4 as
    select *
    from sashelp.cars(drop=model);
quit;


/* JOBSPLIT: JOBENDTIME 28APR2025:22:11:26.95 */
/* JOBSPLIT: END */
