/* JOBSPLIT: JOBSTARTTIME 27APR2025:09:16:53.26 */
/* JOBSPLIT: TASKSTARTTIME 27APR2025:09:16:53.27 */
/* JOBSPLIT: DATASET INPUT SEQ #C00001.CLASS.DATA */
/* JOBSPLIT: LIBNAME #C00001 V9 'C:\Program Files\SASHome\x86\SASFoundation\9.4\core\sashelp' */
/* JOBSPLIT: CONCATMEM #C00001 SASHELP */
/* JOBSPLIT: LIBNAME SASHELP V9 '( 'C:\Program Files\SASHome\x86\SASFoundation\9.4\nls\en\SASCFG' 'C:\Program Files\SASHome\x86\SASFoundation\9.4\core\sashelp' 'C:\Program Files\SASHome\x86\SASFoundation\9.4\aacomp\sashelp' 'C:\Program Files\SASHome\x86\SASFoundation\9.4\af\sashelp' 'C:\Program Files\SASHome\x86\SASFoundation\9.4\cmp\sashelp' 'C:\Program Files\SASHome\x86\SASFoundation\9.4\graph\sashelp' 'C:\Program Files\SASHome\x86\SASFoundation\9.4\spdsclient\sashelp' 'C:\Program Files\SASHome\x86\SASFoundation\9.4\stat\sashelp' )' */
/* JOBSPLIT: DATASET OUTPUT SEQ WORK.CLASS.DATA */
/* JOBSPLIT: LIBNAME WORK V9 'C:\Users\frank\AppData\Roaming\SAS\EnterpriseGuide\EGTEMP\SEG-8692-f91ef53d\contents\SAS Temporary Files\_TD31220_DELL_\Prc2' */
/* JOBSPLIT: CATALOG OUTPUT WORK.SASMACR.MY_MACRO.MACRO */
/* JOBSPLIT: LIBNAME WORK V9 'C:\Users\frank\AppData\Roaming\SAS\EnterpriseGuide\EGTEMP\SEG-8692-f91ef53d\contents\SAS Temporary Files\_TD31220_DELL_\Prc2' */
/* JOBSPLIT: CATALOG INPUT WORK.SASMACR.MY_MACRO.MACRO */
/* JOBSPLIT: LIBNAME WORK V9 'C:\Users\frank\AppData\Roaming\SAS\EnterpriseGuide\EGTEMP\SEG-8692-f91ef53d\contents\SAS Temporary Files\_TD31220_DELL_\Prc2' */
/* JOBSPLIT: CATALOG OUTPUT WORK.SASMACR.SYSTEMP.MACRO */
/* JOBSPLIT: LIBNAME WORK V9 'C:\Users\frank\AppData\Roaming\SAS\EnterpriseGuide\EGTEMP\SEG-8692-f91ef53d\contents\SAS Temporary Files\_TD31220_DELL_\Prc2' */
/* JOBSPLIT: CATALOG UPDATE WORK.SASMACR.SYSTEMP.MACRO */
/* JOBSPLIT: LIBNAME WORK V9 'C:\Users\frank\AppData\Roaming\SAS\EnterpriseGuide\EGTEMP\SEG-8692-f91ef53d\contents\SAS Temporary Files\_TD31220_DELL_\Prc2' */
/* JOBSPLIT: DATASET INPUT SEQ #C00001.CARS.DATA */
/* JOBSPLIT: LIBNAME #C00001 V9 'C:\Program Files\SASHome\x86\SASFoundation\9.4\core\sashelp' */
/* JOBSPLIT: CONCATMEM #C00001 SASHELP */
/* JOBSPLIT: LIBNAME SASHELP V9 '( 'C:\Program Files\SASHome\x86\SASFoundation\9.4\nls\en\SASCFG' 'C:\Program Files\SASHome\x86\SASFoundation\9.4\core\sashelp' 'C:\Program Files\SASHome\x86\SASFoundation\9.4\aacomp\sashelp' 'C:\Program Files\SASHome\x86\SASFoundation\9.4\af\sashelp' 'C:\Program Files\SASHome\x86\SASFoundation\9.4\cmp\sashelp' 'C:\Program Files\SASHome\x86\SASFoundation\9.4\graph\sashelp' 'C:\Program Files\SASHome\x86\SASFoundation\9.4\spdsclient\sashelp' 'C:\Program Files\SASHome\x86\SASFoundation\9.4\stat\sashelp' )' */
/* JOBSPLIT: DATASET OUTPUT SEQ WORK.CARS.DATA */
/* JOBSPLIT: LIBNAME WORK V9 'C:\Users\frank\AppData\Roaming\SAS\EnterpriseGuide\EGTEMP\SEG-8692-f91ef53d\contents\SAS Temporary Files\_TD31220_DELL_\Prc2' */
/* JOBSPLIT: FILE OUTPUT C:\Projekte\Scaproc\log\parameter_attr.log */
/* JOBSPLIT: ATTR #C00001.CLASS.DATA INPUT VARIABLE:Name TYPE:CHARACTER LENGTH:8 LABEL: FORMAT: INFORMAT: */
/* JOBSPLIT: ATTR #C00001.CLASS.DATA INPUT VARIABLE:Sex TYPE:CHARACTER LENGTH:1 LABEL: FORMAT: INFORMAT: */
/* JOBSPLIT: ATTR #C00001.CLASS.DATA INPUT VARIABLE:Age TYPE:NUMERIC LENGTH:8 LABEL: FORMAT: INFORMAT: */
/* JOBSPLIT: ATTR #C00001.CLASS.DATA INPUT VARIABLE:Height TYPE:NUMERIC LENGTH:8 LABEL: FORMAT: INFORMAT: */
/* JOBSPLIT: ATTR #C00001.CLASS.DATA INPUT VARIABLE:Weight TYPE:NUMERIC LENGTH:8 LABEL: FORMAT: INFORMAT: */
/* JOBSPLIT: ATTR WORK.CLASS.DATA OUTPUT VARIABLE:Name TYPE:CHARACTER LENGTH:8 LABEL: FORMAT: INFORMAT: */
/* JOBSPLIT: ATTR WORK.CLASS.DATA OUTPUT VARIABLE:Sex TYPE:CHARACTER LENGTH:1 LABEL: FORMAT: INFORMAT: */
/* JOBSPLIT: ATTR WORK.CLASS.DATA OUTPUT VARIABLE:Age TYPE:NUMERIC LENGTH:8 LABEL: FORMAT: INFORMAT: */
/* JOBSPLIT: ATTR WORK.CLASS.DATA OUTPUT VARIABLE:Height TYPE:NUMERIC LENGTH:8 LABEL: FORMAT: INFORMAT: */
/* JOBSPLIT: ATTR WORK.CLASS.DATA OUTPUT VARIABLE:Weight TYPE:NUMERIC LENGTH:8 LABEL: FORMAT: INFORMAT: */
/* JOBSPLIT: ATTR #C00001.CLASS.DATA INPUT VARIABLE:Name TYPE:CHARACTER LENGTH:8 LABEL: FORMAT: INFORMAT: */
/* JOBSPLIT: ATTR #C00001.CLASS.DATA INPUT VARIABLE:Sex TYPE:CHARACTER LENGTH:1 LABEL: FORMAT: INFORMAT: */
/* JOBSPLIT: ATTR #C00001.CLASS.DATA INPUT VARIABLE:Age TYPE:NUMERIC LENGTH:8 LABEL: FORMAT: INFORMAT: */
/* JOBSPLIT: ATTR #C00001.CLASS.DATA INPUT VARIABLE:Height TYPE:NUMERIC LENGTH:8 LABEL: FORMAT: INFORMAT: */
/* JOBSPLIT: ATTR #C00001.CLASS.DATA INPUT VARIABLE:Weight TYPE:NUMERIC LENGTH:8 LABEL: FORMAT: INFORMAT: */
/* JOBSPLIT: ATTR WORK.CLASS.DATA OUTPUT VARIABLE:Name TYPE:CHARACTER LENGTH:8 LABEL: FORMAT: INFORMAT: */
/* JOBSPLIT: ATTR WORK.CLASS.DATA OUTPUT VARIABLE:Sex TYPE:CHARACTER LENGTH:1 LABEL: FORMAT: INFORMAT: */
/* JOBSPLIT: ATTR WORK.CLASS.DATA OUTPUT VARIABLE:Age TYPE:NUMERIC LENGTH:8 LABEL: FORMAT: INFORMAT: */
/* JOBSPLIT: ATTR WORK.CLASS.DATA OUTPUT VARIABLE:Height TYPE:NUMERIC LENGTH:8 LABEL: FORMAT: INFORMAT: */
/* JOBSPLIT: ATTR WORK.CLASS.DATA OUTPUT VARIABLE:Weight TYPE:NUMERIC LENGTH:8 LABEL: FORMAT: INFORMAT: */
/* JOBSPLIT: ATTR #C00001.CARS.DATA INPUT VARIABLE:Make TYPE:CHARACTER LENGTH:13 LABEL: FORMAT: INFORMAT: */
/* JOBSPLIT: ATTR #C00001.CARS.DATA INPUT VARIABLE:Model TYPE:CHARACTER LENGTH:40 LABEL: FORMAT: INFORMAT: */
/* JOBSPLIT: ATTR #C00001.CARS.DATA INPUT VARIABLE:Type TYPE:CHARACTER LENGTH:8 LABEL: FORMAT: INFORMAT: */
/* JOBSPLIT: ATTR #C00001.CARS.DATA INPUT VARIABLE:Origin TYPE:CHARACTER LENGTH:6 LABEL: FORMAT: INFORMAT: */
/* JOBSPLIT: ATTR #C00001.CARS.DATA INPUT VARIABLE:DriveTrain TYPE:CHARACTER LENGTH:5 LABEL: FORMAT: INFORMAT: */
/* JOBSPLIT: ATTR #C00001.CARS.DATA INPUT VARIABLE:MSRP TYPE:NUMERIC LENGTH:8 LABEL: FORMAT:DOLLAR8. INFORMAT: */
/* JOBSPLIT: ATTR #C00001.CARS.DATA INPUT VARIABLE:Invoice TYPE:NUMERIC LENGTH:8 LABEL: FORMAT:DOLLAR8. INFORMAT: */
/* JOBSPLIT: ATTR #C00001.CARS.DATA INPUT VARIABLE:EngineSize TYPE:NUMERIC LENGTH:8 LABEL:Engine Size (L) FORMAT: INFORMAT: */
/* JOBSPLIT: ATTR #C00001.CARS.DATA INPUT VARIABLE:Cylinders TYPE:NUMERIC LENGTH:8 LABEL: FORMAT: INFORMAT: */
/* JOBSPLIT: ATTR #C00001.CARS.DATA INPUT VARIABLE:Horsepower TYPE:NUMERIC LENGTH:8 LABEL: FORMAT: INFORMAT: */
/* JOBSPLIT: ATTR #C00001.CARS.DATA INPUT VARIABLE:MPG_City TYPE:NUMERIC LENGTH:8 LABEL:MPG (City) FORMAT: INFORMAT: */
/* JOBSPLIT: ATTR #C00001.CARS.DATA INPUT VARIABLE:MPG_Highway TYPE:NUMERIC LENGTH:8 LABEL:MPG (Highway) FORMAT: INFORMAT: */
/* JOBSPLIT: ATTR #C00001.CARS.DATA INPUT VARIABLE:Weight TYPE:NUMERIC LENGTH:8 LABEL:Weight (LBS) FORMAT: INFORMAT: */
/* JOBSPLIT: ATTR #C00001.CARS.DATA INPUT VARIABLE:Wheelbase TYPE:NUMERIC LENGTH:8 LABEL:Wheelbase (IN) FORMAT: INFORMAT: */
/* JOBSPLIT: ATTR #C00001.CARS.DATA INPUT VARIABLE:Length TYPE:NUMERIC LENGTH:8 LABEL:Length (IN) FORMAT: INFORMAT: */
/* JOBSPLIT: ATTR WORK.CARS.DATA OUTPUT VARIABLE:Make TYPE:CHARACTER LENGTH:13 LABEL: FORMAT: INFORMAT: */
/* JOBSPLIT: ATTR WORK.CARS.DATA OUTPUT VARIABLE:Model TYPE:CHARACTER LENGTH:40 LABEL: FORMAT: INFORMAT: */
/* JOBSPLIT: ATTR WORK.CARS.DATA OUTPUT VARIABLE:Type TYPE:CHARACTER LENGTH:8 LABEL: FORMAT: INFORMAT: */
/* JOBSPLIT: ATTR WORK.CARS.DATA OUTPUT VARIABLE:Origin TYPE:CHARACTER LENGTH:6 LABEL: FORMAT: INFORMAT: */
/* JOBSPLIT: ATTR WORK.CARS.DATA OUTPUT VARIABLE:DriveTrain TYPE:CHARACTER LENGTH:5 LABEL: FORMAT: INFORMAT: */
/* JOBSPLIT: ATTR WORK.CARS.DATA OUTPUT VARIABLE:MSRP TYPE:NUMERIC LENGTH:8 LABEL: FORMAT:DOLLAR8. INFORMAT: */
/* JOBSPLIT: ATTR WORK.CARS.DATA OUTPUT VARIABLE:Invoice TYPE:NUMERIC LENGTH:8 LABEL: FORMAT:DOLLAR8. INFORMAT: */
/* JOBSPLIT: ATTR WORK.CARS.DATA OUTPUT VARIABLE:EngineSize TYPE:NUMERIC LENGTH:8 LABEL:Engine Size (L) FORMAT: INFORMAT: */
/* JOBSPLIT: ATTR WORK.CARS.DATA OUTPUT VARIABLE:Cylinders TYPE:NUMERIC LENGTH:8 LABEL: FORMAT: INFORMAT: */
/* JOBSPLIT: ATTR WORK.CARS.DATA OUTPUT VARIABLE:Horsepower TYPE:NUMERIC LENGTH:8 LABEL: FORMAT: INFORMAT: */
/* JOBSPLIT: ATTR WORK.CARS.DATA OUTPUT VARIABLE:MPG_City TYPE:NUMERIC LENGTH:8 LABEL:MPG (City) FORMAT: INFORMAT: */
/* JOBSPLIT: ATTR WORK.CARS.DATA OUTPUT VARIABLE:MPG_Highway TYPE:NUMERIC LENGTH:8 LABEL:MPG (Highway) FORMAT: INFORMAT: */
/* JOBSPLIT: ATTR WORK.CARS.DATA OUTPUT VARIABLE:Weight TYPE:NUMERIC LENGTH:8 LABEL:Weight (LBS) FORMAT: INFORMAT: */
/* JOBSPLIT: ATTR WORK.CARS.DATA OUTPUT VARIABLE:Wheelbase TYPE:NUMERIC LENGTH:8 LABEL:Wheelbase (IN) FORMAT: INFORMAT: */
/* JOBSPLIT: ATTR WORK.CARS.DATA OUTPUT VARIABLE:Length TYPE:NUMERIC LENGTH:8 LABEL:Length (IN) FORMAT: INFORMAT: */
/* JOBSPLIT: ELAPSED 34  */
/* JOBSPLIT: SYSSCP WIN */
/* JOBSPLIT: PROCNAME DATASTEP */
/* JOBSPLIT: STEP SOURCE FOLLOWS */

data class;
  set sashelp.class;
run;

%macro my_macro;
  data cars;
    set sashelp.cars;
  run;
%mend my_macro;
%my_macro;


/* JOBSPLIT: JOBENDTIME 27APR2025:09:16:53.30 */
/* JOBSPLIT: END */
