/* JOBSPLIT: JOBSTARTTIME 27APR2025:11:31:19.89 */
/* JOBSPLIT: TASKSTARTTIME 27APR2025:11:31:19.89 */
/* JOBSPLIT: FILE INPUT C:\Projekte\Scaproc\example\program_1.sas */
/* JOBSPLIT: DATASET INPUT SEQ #C00001.CARS.DATA */
/* JOBSPLIT: LIBNAME #C00001 V9 'C:\Program Files\SASHome\x86\SASFoundation\9.4\core\sashelp' */
/* JOBSPLIT: CONCATMEM #C00001 SASHELP */
/* JOBSPLIT: LIBNAME SASHELP V9 '( 'C:\Program Files\SASHome\x86\SASFoundation\9.4\nls\en\SASCFG' 'C:\Program Files\SASHome\x86\SASFoundation\9.4\core\sashelp' 'C:\Program Files\SASHome\x86\SASFoundation\9.4\aacomp\sashelp' 'C:\Program Files\SASHome\x86\SASFoundation\9.4\af\sashelp' 'C:\Program Files\SASHome\x86\SASFoundation\9.4\cmp\sashelp' 'C:\Program Files\SASHome\x86\SASFoundation\9.4\graph\sashelp' 'C:\Program Files\SASHome\x86\SASFoundation\9.4\spdsclient\sashelp' 'C:\Program Files\SASHome\x86\SASFoundation\9.4\stat\sashelp' )' */
/* JOBSPLIT: OPENTIME #C00001.CARS.DATA DATE:27APR2025:11:31:19.89 PHYS:C:\Program Files\SASHome\x86\SASFoundation\9.4\core\sashelp\cars.sas7bdat SIZE:196608 */
/* JOBSPLIT: DATASET OUTPUT SEQ TMP.CARS.DATA */
/* JOBSPLIT: LIBNAME TMP "C:\Temp\_TD42692_DELL_" */
/* JOBSPLIT: FILE OUTPUT c:\projekte\scaproc\log\program_1.scaproc.log */
/* JOBSPLIT: ATTR #C00001.CARS.DATA INPUT VARIABLE:Make TYPE:CHARACTER LENGTH:13 LABEL: FORMAT: INFORMAT: */
/* JOBSPLIT: ATTR #C00001.CARS.DATA INPUT VARIABLE:Model TYPE:CHARACTER LENGTH:40 LABEL: FORMAT: INFORMAT: */
/* JOBSPLIT: ATTR #C00001.CARS.DATA INPUT VARIABLE:Type TYPE:CHARACTER LENGTH:8 LABEL: FORMAT: INFORMAT: */
/* JOBSPLIT: ATTR #C00001.CARS.DATA INPUT VARIABLE:Origin TYPE:CHARACTER LENGTH:6 LABEL: FORMAT: INFORMAT: */
/* JOBSPLIT: ATTR #C00001.CARS.DATA INPUT VARIABLE:DriveTrain TYPE:CHARACTER LENGTH:5 LABEL: FORMAT: INFORMAT: */
/* JOBSPLIT: ATTR #C00001.CARS.DATA INPUT VARIABLE:MSRP TYPE:NUMERIC LENGTH:8 LABEL: FORMAT:DOLLAR8. INFORMAT: */
/* JOBSPLIT: ATTR #C00001.CARS.DATA INPUT VARIABLE:Invoice TYPE:NUMERIC LENGTH:8 LABEL: FORMAT:DOLLAR8. INFORMAT: */
/* JOBSPLIT: ATTR #C00001.CARS.DATA INPUT VARIABLE:EngineSize TYPE:NUMERIC LENGTH:8 LABEL:Engine Size (L) FORMAT: INFORMAT: */
/* JOBSPLIT: ATTR #C00001.CARS.DATA INPUT VARIABLE:Cylinders TYPE:NUMERIC LENGTH:8 LABEL: FORMAT: INFORMAT: */
/* JOBSPLIT: ATTR #C00001.CARS.DATA INPUT VARIABLE:Horsepower TYPE:NUMERIC LENGTH:8 LABEL: FORMAT: INFORMAT: */
/* JOBSPLIT: ATTR #C00001.CARS.DATA INPUT VARIABLE:MPG_City TYPE:NUMERIC LENGTH:8 LABEL:MPG (City) FORMAT: INFORMAT: */
/* JOBSPLIT: ATTR #C00001.CARS.DATA INPUT VARIABLE:MPG_Highway TYPE:NUMERIC LENGTH:8 LABEL:MPG (Highway) FORMAT: INFORMAT: */
/* JOBSPLIT: ATTR #C00001.CARS.DATA INPUT VARIABLE:Weight TYPE:NUMERIC LENGTH:8 LABEL:Weight (LBS) FORMAT: INFORMAT: */
/* JOBSPLIT: ATTR #C00001.CARS.DATA INPUT VARIABLE:Wheelbase TYPE:NUMERIC LENGTH:8 LABEL:Wheelbase (IN) FORMAT: INFORMAT: */
/* JOBSPLIT: ATTR #C00001.CARS.DATA INPUT VARIABLE:Length TYPE:NUMERIC LENGTH:8 LABEL:Length (IN) FORMAT: INFORMAT: */
/* JOBSPLIT: ATTR TMP.CARS.DATA OUTPUT VARIABLE:Make TYPE:CHARACTER LENGTH:13 LABEL: FORMAT: INFORMAT: */
/* JOBSPLIT: ATTR TMP.CARS.DATA OUTPUT VARIABLE:Model TYPE:CHARACTER LENGTH:40 LABEL: FORMAT: INFORMAT: */
/* JOBSPLIT: ATTR TMP.CARS.DATA OUTPUT VARIABLE:Type TYPE:CHARACTER LENGTH:8 LABEL: FORMAT: INFORMAT: */
/* JOBSPLIT: ATTR TMP.CARS.DATA OUTPUT VARIABLE:Origin TYPE:CHARACTER LENGTH:6 LABEL: FORMAT: INFORMAT: */
/* JOBSPLIT: ATTR TMP.CARS.DATA OUTPUT VARIABLE:DriveTrain TYPE:CHARACTER LENGTH:5 LABEL: FORMAT: INFORMAT: */
/* JOBSPLIT: ATTR TMP.CARS.DATA OUTPUT VARIABLE:MSRP TYPE:NUMERIC LENGTH:8 LABEL: FORMAT:DOLLAR8. INFORMAT: */
/* JOBSPLIT: ATTR TMP.CARS.DATA OUTPUT VARIABLE:Invoice TYPE:NUMERIC LENGTH:8 LABEL: FORMAT:DOLLAR8. INFORMAT: */
/* JOBSPLIT: ATTR TMP.CARS.DATA OUTPUT VARIABLE:EngineSize TYPE:NUMERIC LENGTH:8 LABEL:Engine Size (L) FORMAT: INFORMAT: */
/* JOBSPLIT: ATTR TMP.CARS.DATA OUTPUT VARIABLE:Cylinders TYPE:NUMERIC LENGTH:8 LABEL: FORMAT: INFORMAT: */
/* JOBSPLIT: ATTR TMP.CARS.DATA OUTPUT VARIABLE:Horsepower TYPE:NUMERIC LENGTH:8 LABEL: FORMAT: INFORMAT: */
/* JOBSPLIT: ATTR TMP.CARS.DATA OUTPUT VARIABLE:MPG_City TYPE:NUMERIC LENGTH:8 LABEL:MPG (City) FORMAT: INFORMAT: */
/* JOBSPLIT: ATTR TMP.CARS.DATA OUTPUT VARIABLE:MPG_Highway TYPE:NUMERIC LENGTH:8 LABEL:MPG (Highway) FORMAT: INFORMAT: */
/* JOBSPLIT: ATTR TMP.CARS.DATA OUTPUT VARIABLE:Weight TYPE:NUMERIC LENGTH:8 LABEL:Weight (LBS) FORMAT: INFORMAT: */
/* JOBSPLIT: ATTR TMP.CARS.DATA OUTPUT VARIABLE:Wheelbase TYPE:NUMERIC LENGTH:8 LABEL:Wheelbase (IN) FORMAT: INFORMAT: */
/* JOBSPLIT: ATTR TMP.CARS.DATA OUTPUT VARIABLE:Length TYPE:NUMERIC LENGTH:8 LABEL:Length (IN) FORMAT: INFORMAT: */
/* JOBSPLIT: ELAPSED 33  */
/* JOBSPLIT: SYSSCP WIN */
/* JOBSPLIT: PROCNAME DATASTEP */
/* JOBSPLIT: STEP SOURCE FOLLOWS */
libname tmp "%sysfunc(pathname(work))";


/* JOBSPLIT: JOBENDTIME 27APR2025:11:31:19.93 */
/* JOBSPLIT: END */
