/* JOBSPLIT: JOBSTARTTIME 27JAN2025:09:36:44.74 */
/* JOBSPLIT: TASKSTARTTIME 27JAN2025:09:36:44.74 */
/* JOBSPLIT: FILE INPUT E:\TS\Parallel_prod_Frank\ZLMS\program\ZLM001.SAS */
/* JOBSPLIT: CATALOG INPUT WORK.SASMACR.SMC048.MACRO */
/* JOBSPLIT: LIBNAME WORK V9 'E:\temp\SAS Temporary Files\_TD4208_DG115E12_' */
/* JOBSPLIT: FILE INPUT E:\TS\Parallel_prod_Frank\ZLMS\program\smc048.sas */
/* JOBSPLIT: CATALOG OUTPUT WORK.SASMACR.SMC048.MACRO */
/* JOBSPLIT: LIBNAME WORK V9 'E:\temp\SAS Temporary Files\_TD4208_DG115E12_' */
/* JOBSPLIT: CATALOG OUTPUT WORK.SASMACR.SYSTEMP.MACRO */
/* JOBSPLIT: LIBNAME WORK V9 'E:\temp\SAS Temporary Files\_TD4208_DG115E12_' */
/* JOBSPLIT: CATALOG UPDATE WORK.SASMACR.SYSTEMP.MACRO */
/* JOBSPLIT: LIBNAME WORK V9 'E:\temp\SAS Temporary Files\_TD4208_DG115E12_' */
/* JOBSPLIT: DATASET INPUT SEQ SASDATUM.SASDATUM.DATA */
/* JOBSPLIT: LIBNAME SASDATUM "E:\TS\Parallel_prod_Frank\ZLMS\data\SAS\SASDATUM" access = readonly */
/* JOBSPLIT: OPENTIME SASDATUM.SASDATUM.DATA DATE:27JAN2025:09:36:44.74 PHYS:E:\TS\Parallel_prod_Frank\ZLMS\data\SAS\SASDATUM\sasdatum.sas7bdat SIZE:131072 */
/* JOBSPLIT: CATALOG OUTPUT WORK.SASMACR.MYFIELDS.MACRO */
/* JOBSPLIT: LIBNAME WORK V9 'E:\temp\SAS Temporary Files\_TD4208_DG115E12_' */
/* JOBSPLIT: CATALOG INPUT WORK.SASMACR.MYFIELDS.MACRO */
/* JOBSPLIT: LIBNAME WORK V9 'E:\temp\SAS Temporary Files\_TD4208_DG115E12_' */
/* JOBSPLIT: ATTR SASDATUM.SASDATUM.DATA INPUT VARIABLE:GESTERN TYPE:NUMERIC LENGTH:8 LABEL:GESTERN VORHERIGER WERKTAG FORMAT: INFORMAT: */
/* JOBSPLIT: ATTR SASDATUM.SASDATUM.DATA INPUT VARIABLE:MORGEN TYPE:NUMERIC LENGTH:8 LABEL:MORGEN  FOLGENDER WERKTAG FORMAT: INFORMAT: */
/* JOBSPLIT: ATTR SASDATUM.SASDATUM.DATA INPUT VARIABLE:HEUTE TYPE:NUMERIC LENGTH:8 LABEL:HEUTE   AKTUELLER WERKTAG FORMAT: INFORMAT: */
/* JOBSPLIT: ATTR SASDATUM.SASDATUM.DATA INPUT VARIABLE:SAMSTAG TYPE:NUMERIC LENGTH:8 LABEL:SAMSTAG FORMAT: INFORMAT: */
/* JOBSPLIT: ATTR SASDATUM.SASDATUM.DATA INPUT VARIABLE:NMSTART TYPE:NUMERIC LENGTH:8 LABEL:NMSTART START FOLGE-MONAT FORMAT: INFORMAT: */
/* JOBSPLIT: ATTR SASDATUM.SASDATUM.DATA INPUT VARIABLE:NMENDE TYPE:NUMERIC LENGTH:8 LABEL:NMENDE  ENDE  FOLGE-MONAT FORMAT: INFORMAT: */
/* JOBSPLIT: ATTR SASDATUM.SASDATUM.DATA INPUT VARIABLE:MONAT TYPE:NUMERIC LENGTH:8 LABEL:MONAT   OPC-DATUM ULTIMO FORMAT: INFORMAT: */
/* JOBSPLIT: ATTR SASDATUM.SASDATUM.DATA INPUT VARIABLE:JAHR TYPE:NUMERIC LENGTH:8 LABEL:JAHR    OPC-DATUM JAHR FORMAT: INFORMAT: */
/* JOBSPLIT: ATTR SASDATUM.SASDATUM.DATA INPUT VARIABLE:JSTART TYPE:NUMERIC LENGTH:8 LABEL:JSTART  START ONLINE ABGESCHL. JAHR FORMAT: INFORMAT: */
/* JOBSPLIT: ATTR SASDATUM.SASDATUM.DATA INPUT VARIABLE:JENDE TYPE:NUMERIC LENGTH:8 LABEL:JENDE   ENDE  ONLINE ABGESCHL. JAHR FORMAT: INFORMAT: */
/* JOBSPLIT: ATTR SASDATUM.SASDATUM.DATA INPUT VARIABLE:VJSTART TYPE:NUMERIC LENGTH:8 LABEL:VJSTART START ONLINE ABGESCHL. VORJAHR FORMAT: INFORMAT: */
/* JOBSPLIT: ATTR SASDATUM.SASDATUM.DATA INPUT VARIABLE:VJENDE TYPE:NUMERIC LENGTH:8 LABEL:VJENDE  ENDE  ONLINE ABGESCHL. VORJAHR FORMAT: INFORMAT: */
/* JOBSPLIT: ATTR SASDATUM.SASDATUM.DATA INPUT VARIABLE:AJSTART TYPE:NUMERIC LENGTH:8 LABEL:AJSTART START AKTUELLES JAHR FORMAT: INFORMAT: */
/* JOBSPLIT: ATTR SASDATUM.SASDATUM.DATA INPUT VARIABLE:AJENDE TYPE:NUMERIC LENGTH:8 LABEL:AJENDE  ENDE  AKTUELLES JAHR FORMAT: INFORMAT: */
/* JOBSPLIT: ATTR SASDATUM.SASDATUM.DATA INPUT VARIABLE:JMSTART TYPE:NUMERIC LENGTH:8 LABEL:JMSTART START JAHR ABGESCHLOSSENEN MONAT FORMAT: INFORMAT: */
/* JOBSPLIT: ATTR SASDATUM.SASDATUM.DATA INPUT VARIABLE:MSTART TYPE:NUMERIC LENGTH:8 LABEL:MSTART  START ONLINE ABGESCHL. MONAT FORMAT: INFORMAT: */
/* JOBSPLIT: ATTR SASDATUM.SASDATUM.DATA INPUT VARIABLE:MENDE TYPE:NUMERIC LENGTH:8 LABEL:MENDE   ENDE  ONLINE ABGESCHL. MONAT FORMAT: INFORMAT: */
/* JOBSPLIT: ATTR SASDATUM.SASDATUM.DATA INPUT VARIABLE:VMSTART TYPE:NUMERIC LENGTH:8 LABEL:VMSTART START ONLINE ABGESCHL. VORMONAT FORMAT: INFORMAT: */
/* JOBSPLIT: ATTR SASDATUM.SASDATUM.DATA INPUT VARIABLE:VMENDE TYPE:NUMERIC LENGTH:8 LABEL:VMENDE  ENDE  ONLINE ABGESCHL. VORMONAT FORMAT: INFORMAT: */
/* JOBSPLIT: ATTR SASDATUM.SASDATUM.DATA INPUT VARIABLE:AMSTART TYPE:NUMERIC LENGTH:8 LABEL:AMSTART START AKTUELLER MONAT FORMAT: INFORMAT: */
/* JOBSPLIT: ATTR SASDATUM.SASDATUM.DATA INPUT VARIABLE:AMENDE TYPE:NUMERIC LENGTH:8 LABEL:AMENDE  ENDE  AKTUELLER MONAT FORMAT: INFORMAT: */
/* JOBSPLIT: ATTR SASDATUM.SASDATUM.DATA INPUT VARIABLE:VAJSTART TYPE:NUMERIC LENGTH:8 LABEL:VAJSTART START AKTUELLES VORJAHR FORMAT: INFORMAT: */
/* JOBSPLIT: ATTR SASDATUM.SASDATUM.DATA INPUT VARIABLE:VAJENDE TYPE:NUMERIC LENGTH:8 LABEL:VAJENDE  ENDE  AKTUELLES VORJAHR FORMAT: INFORMAT: */
/* JOBSPLIT: ATTR SASDATUM.SASDATUM.DATA INPUT VARIABLE:VVAJSTRT TYPE:NUMERIC LENGTH:8 LABEL:VVAJSTRT START AKTUELLES VORVORJAHR FORMAT: INFORMAT: */
/* JOBSPLIT: ATTR SASDATUM.SASDATUM.DATA INPUT VARIABLE:VVAJENDE TYPE:NUMERIC LENGTH:8 LABEL:VVAJENDE  ENDE  AKTUELLES VORVORJAHR FORMAT: INFORMAT: */
/* JOBSPLIT: ATTR SASDATUM.SASDATUM.DATA INPUT VARIABLE:NXT_BT TYPE:NUMERIC LENGTH:8 LABEL:FOLGENDER BANKTAG FORMAT: INFORMAT: */
/* JOBSPLIT: ATTR SASDATUM.SASDATUM.DATA INPUT VARIABLE:WT_02_M TYPE:NUMERIC LENGTH:8 LABEL:2. WT Monat FORMAT: INFORMAT: */
/* JOBSPLIT: SYMBOL GET SAS_DATA */
/* JOBSPLIT: SYMBOL GET SAS_INPUT */
/* JOBSPLIT: SYMBOL GET SAS_PROGRAM */
/* JOBSPLIT: SYMBOL SET JSTART */
/* JOBSPLIT: SYMBOL SET SJSTART */
/* JOBSPLIT: SYMBOL SET JSTARD */
/* JOBSPLIT: SYMBOL SET JENDE */
/* JOBSPLIT: SYMBOL SET SJENDE */
/* JOBSPLIT: SYMBOL SET JENDD */
/* JOBSPLIT: SYMBOL SET JMSTART */
/* JOBSPLIT: SYMBOL SET SJMSTART */
/* JOBSPLIT: SYMBOL SET JMSTARD */
/* JOBSPLIT: SYMBOL SET VJSTART */
/* JOBSPLIT: SYMBOL SET SVJSTART */
/* JOBSPLIT: SYMBOL SET VJSTARD */
/* JOBSPLIT: SYMBOL SET VJENDE */
/* JOBSPLIT: SYMBOL SET SVJENDE */
/* JOBSPLIT: SYMBOL SET VJENDD */
/* JOBSPLIT: SYMBOL SET AJSTART */
/* JOBSPLIT: SYMBOL SET SAJSTART */
/* JOBSPLIT: SYMBOL SET AJSTARD */
/* JOBSPLIT: SYMBOL SET AJENDE */
/* JOBSPLIT: SYMBOL SET SAJENDE */
/* JOBSPLIT: SYMBOL SET AJENDD */
/* JOBSPLIT: SYMBOL SET VAJSTART */
/* JOBSPLIT: SYMBOL SET SVAJSTART */
/* JOBSPLIT: SYMBOL SET VAJSTARD */
/* JOBSPLIT: SYMBOL SET VAJENDE */
/* JOBSPLIT: SYMBOL SET SVAJENDE */
/* JOBSPLIT: SYMBOL SET VAJENDD */
/* JOBSPLIT: SYMBOL SET VVAJSTRT */
/* JOBSPLIT: SYMBOL SET SVVAJSTRT */
/* JOBSPLIT: SYMBOL SET VVAJSTRD */
/* JOBSPLIT: SYMBOL SET VVAJENDE */
/* JOBSPLIT: SYMBOL SET SVVAJENDE */
/* JOBSPLIT: SYMBOL SET VVAJENDD */
/* JOBSPLIT: SYMBOL SET MSTART */
/* JOBSPLIT: SYMBOL SET SMSTART */
/* JOBSPLIT: SYMBOL SET MSTARD */
/* JOBSPLIT: SYMBOL SET MENDE */
/* JOBSPLIT: SYMBOL SET SMENDE */
/* JOBSPLIT: SYMBOL SET MENDD */
/* JOBSPLIT: SYMBOL SET VMSTART */
/* JOBSPLIT: SYMBOL SET SVMSTART */
/* JOBSPLIT: SYMBOL SET VMSTARD */
/* JOBSPLIT: SYMBOL SET VMENDE */
/* JOBSPLIT: SYMBOL SET SVMENDE */
/* JOBSPLIT: SYMBOL SET VMENDD */
/* JOBSPLIT: SYMBOL SET NMSTART */
/* JOBSPLIT: SYMBOL SET SNMSTART */
/* JOBSPLIT: SYMBOL SET NMSTARD */
/* JOBSPLIT: SYMBOL SET NMENDE */
/* JOBSPLIT: SYMBOL SET SNMENDE */
/* JOBSPLIT: SYMBOL SET NMENDD */
/* JOBSPLIT: SYMBOL SET AMSTART */
/* JOBSPLIT: SYMBOL SET SAMSTART */
/* JOBSPLIT: SYMBOL SET AMSTARD */
/* JOBSPLIT: SYMBOL SET AMENDE */
/* JOBSPLIT: SYMBOL SET SAMENDE */
/* JOBSPLIT: SYMBOL SET AMENDD */
/* JOBSPLIT: SYMBOL SET GESTERN */
/* JOBSPLIT: SYMBOL SET SGESTERN */
/* JOBSPLIT: SYMBOL SET GESTERD */
/* JOBSPLIT: SYMBOL SET MORGEN */
/* JOBSPLIT: SYMBOL SET SMORGEN */
/* JOBSPLIT: SYMBOL SET MORGED */
/* JOBSPLIT: SYMBOL SET HEUTE */
/* JOBSPLIT: SYMBOL SET SHEUTE */
/* JOBSPLIT: SYMBOL SET HEUTD */
/* JOBSPLIT: SYMBOL SET SAMSTAG */
/* JOBSPLIT: SYMBOL SET SSAMSTAG */
/* JOBSPLIT: SYMBOL SET SAMSTAD */
/* JOBSPLIT: SYMBOL SET MONAT */
/* JOBSPLIT: SYMBOL SET VORMO */
/* JOBSPLIT: ELAPSED 31  */
/* JOBSPLIT: SYSSCP WIN */
/* JOBSPLIT: PROCNAME DATASTEP */
/* JOBSPLIT: STEP SOURCE FOLLOWS */

libname   SASDATUM       "&sas_data.\SAS\SASDATUM"                         access       =    readonly  ;
libname   DWH139         "&sas_data.\ZLM\ZLM001"                                                       ;
filename  FLATFILE       "&sas_input.\expZLMS.csv"                                                     ;
filename  f_StRAdr       "&sas_input.\ZLMS_Steuerungsrelevante_Adressen.csv"                           ;
filename  ZDH            "&sas_input.\ZDH2ZLMS_LIMITE.TXT"                                             ;
%include "&sas_program.\ZLM001.SAS";

/* JOBSPLIT: TASKSTARTTIME 27JAN2025:09:36:44.77 */
/* JOBSPLIT: CATALOG INPUT WORK.SASMACR.MYFIELDS.MACRO */
/* JOBSPLIT: LIBNAME WORK V9 'E:\temp\SAS Temporary Files\_TD4208_DG115E12_' */
/* JOBSPLIT: DATASET OUTPUT SEQ WORK.REPNEU_ZLMS_EXPORT.DATA */
/* JOBSPLIT: LIBNAME WORK V9 'E:\temp\SAS Temporary Files\_TD4208_DG115E12_' */
/* JOBSPLIT: FILE INPUT E:\TS\Parallel_prod_Frank\ZLMS\input\expZLMS.csv */
/* JOBSPLIT: CATALOG OUTPUT WORK.SASMACR.SYSATTRIBUTE.MACRO */
/* JOBSPLIT: LIBNAME WORK V9 'E:\temp\SAS Temporary Files\_TD4208_DG115E12_' */
/* JOBSPLIT: CATALOG INPUT WORK.SASMACR.SYSATTRIBUTE.MACRO */
/* JOBSPLIT: LIBNAME WORK V9 'E:\temp\SAS Temporary Files\_TD4208_DG115E12_' */
/* JOBSPLIT: CATALOG OUTPUT WORK.SASMACR.SYSTEMP.MACRO */
/* JOBSPLIT: LIBNAME WORK V9 'E:\temp\SAS Temporary Files\_TD4208_DG115E12_' */
/* JOBSPLIT: CATALOG UPDATE WORK.SASMACR.SYSTEMP.MACRO */
/* JOBSPLIT: LIBNAME WORK V9 'E:\temp\SAS Temporary Files\_TD4208_DG115E12_' */
/* JOBSPLIT: ATTR WORK.REPNEU_ZLMS_EXPORT.DATA OUTPUT VARIABLE:QPARTNR TYPE:CHARACTER LENGTH:10 LABEL: FORMAT: INFORMAT: */
/* JOBSPLIT: ATTR WORK.REPNEU_ZLMS_EXPORT.DATA OUTPUT VARIABLE:BONIINST TYPE:NUMERIC LENGTH:8 LABEL:Ratingherkunft FORMAT: INFORMAT: */
/* JOBSPLIT: ATTR WORK.REPNEU_ZLMS_EXPORT.DATA OUTPUT VARIABLE:BRANCHE TYPE:CHARACTER LENGTH:5 LABEL:Risikobranche FORMAT: INFORMAT: */
/* JOBSPLIT: ATTR WORK.REPNEU_ZLMS_EXPORT.DATA OUTPUT VARIABLE:BRUTTO TYPE:NUMERIC LENGTH:8 LABEL:Brutto FORMAT: INFORMAT: */
/* JOBSPLIT: ATTR WORK.REPNEU_ZLMS_EXPORT.DATA OUTPUT VARIABLE:BVR2MAP TYPE:CHARACTER LENGTH:4 LABEL:Rating FORMAT: INFORMAT: */
/* JOBSPLIT: ATTR WORK.REPNEU_ZLMS_EXPORT.DATA OUTPUT VARIABLE:CVAR3 TYPE:NUMERIC LENGTH:8 LABEL:CVar 3 FORMAT: INFORMAT: */
/* JOBSPLIT: ATTR WORK.REPNEU_ZLMS_EXPORT.DATA OUTPUT VARIABLE:DATECH TYPE:CHARACTER LENGTH:40 LABEL:Darlehnsschlüssel/Aktenzeichen FORMAT: INFORMAT: */
/* JOBSPLIT: ATTR WORK.REPNEU_ZLMS_EXPORT.DATA OUTPUT VARIABLE:DECKUNGS_KZ TYPE:CHARACTER LENGTH:1 LABEL:Deckungskennzeichen FORMAT: INFORMAT: */
/* JOBSPLIT: ATTR WORK.REPNEU_ZLMS_EXPORT.DATA OUTPUT VARIABLE:DEPOT TYPE:CHARACTER LENGTH:20 LABEL:Depot FORMAT: INFORMAT: */
/* JOBSPLIT: ATTR WORK.REPNEU_ZLMS_EXPORT.DATA OUTPUT VARIABLE:DZBRANCHECLUSTER TYPE:NUMERIC LENGTH:8 LABEL:Branchen-Cluster gemäß DZ Bank FORMAT: INFORMAT: */
/* JOBSPLIT: ATTR WORK.REPNEU_ZLMS_EXPORT.DATA OUTPUT VARIABLE:DZBRANCHE_OBERGRUPPE TYPE:CHARACTER LENGTH:50 LABEL:Branchen-Obergruppe gemäß DZ Bank FORMAT: INFORMAT: */
/* JOBSPLIT: ATTR WORK.REPNEU_ZLMS_EXPORT.DATA OUTPUT VARIABLE:EL TYPE:NUMERIC LENGTH:8 LABEL:Expected Loss FORMAT: INFORMAT: */
/* JOBSPLIT: ATTR WORK.REPNEU_ZLMS_EXPORT.DATA OUTPUT VARIABLE:EWB_AKTUELL TYPE:NUMERIC LENGTH:8 LABEL:aktuelle EWB FORMAT: INFORMAT: */
/* JOBSPLIT: ATTR WORK.REPNEU_ZLMS_EXPORT.DATA OUTPUT VARIABLE:GESCHAEFTSBEREICH TYPE:CHARACTER LENGTH:1 LABEL:Geschäftsbereich FORMAT: INFORMAT: */
/* JOBSPLIT: ATTR WORK.REPNEU_ZLMS_EXPORT.DATA OUTPUT VARIABLE:ISANGEKMBS TYPE:CHARACTER LENGTH:10 LABEL:Kennzeichen MBS FORMAT: INFORMAT: */
/* JOBSPLIT: ATTR WORK.REPNEU_ZLMS_EXPORT.DATA OUTPUT VARIABLE:ISDZKONSOLID TYPE:CHARACTER LENGTH:1 LABEL:Kennzeichen DZ-konsolidiert FORMAT: INFORMAT: */
/* JOBSPLIT: ATTR WORK.REPNEU_ZLMS_EXPORT.DATA OUTPUT VARIABLE:ISWP TYPE:CHARACTER LENGTH:1 LABEL:Kennzeichen Wertpapier FORMAT: INFORMAT: */
/* JOBSPLIT: ATTR WORK.REPNEU_ZLMS_EXPORT.DATA OUTPUT VARIABLE:KDNR TYPE:CHARACTER LENGTH:25 LABEL:Kundennummer FORMAT: INFORMAT: */
/* JOBSPLIT: ATTR WORK.REPNEU_ZLMS_EXPORT.DATA OUTPUT VARIABLE:GVK_VOLUMEN_DZ_BANK TYPE:NUMERIC LENGTH:8 LABEL:GVK Volumen DZ Bank FORMAT: INFORMAT: */
/* JOBSPLIT: ATTR WORK.REPNEU_ZLMS_EXPORT.DATA OUTPUT VARIABLE:KUKLA TYPE:NUMERIC LENGTH:8 LABEL:Kundenklassse Basel II FORMAT: INFORMAT: */
/* JOBSPLIT: ATTR WORK.REPNEU_ZLMS_EXPORT.DATA OUTPUT VARIABLE:KUNDE_LAND TYPE:CHARACTER LENGTH:3 LABEL:Land des Kunden FORMAT: INFORMAT: */
/* JOBSPLIT: ATTR WORK.REPNEU_ZLMS_EXPORT.DATA OUTPUT VARIABLE:NAME TYPE:CHARACTER LENGTH:163 LABEL:Name des Kunden FORMAT: INFORMAT: */
/* JOBSPLIT: ATTR WORK.REPNEU_ZLMS_EXPORT.DATA OUTPUT VARIABLE:NETTO TYPE:NUMERIC LENGTH:8 LABEL:Netto FORMAT: INFORMAT: */
/* JOBSPLIT: ATTR WORK.REPNEU_ZLMS_EXPORT.DATA OUTPUT VARIABLE:RATING_DAT_TMP TYPE:CHARACTER LENGTH:30 LABEL:Ratingdatum FORMAT: INFORMAT: */
/* JOBSPLIT: ATTR WORK.REPNEU_ZLMS_EXPORT.DATA OUTPUT VARIABLE:DADATZUS_TMP TYPE:CHARACTER LENGTH:30 LABEL:Zusagedatum FORMAT: INFORMAT: */
/* JOBSPLIT: ATTR WORK.REPNEU_ZLMS_EXPORT.DATA OUTPUT VARIABLE:RESTLAUFZEIT TYPE:NUMERIC LENGTH:8 LABEL:Restlaufzeit in Monaten FORMAT: INFORMAT: */
/* JOBSPLIT: ATTR WORK.REPNEU_ZLMS_EXPORT.DATA OUTPUT VARIABLE:VOLUMEN_DZ_BANK TYPE:NUMERIC LENGTH:8 LABEL:Volumen bei der DZ Bank FORMAT: INFORMAT: */
/* JOBSPLIT: ATTR WORK.REPNEU_ZLMS_EXPORT.DATA OUTPUT VARIABLE:WP_ART TYPE:CHARACTER LENGTH:15 LABEL:Wertpapierart FORMAT: INFORMAT: */
/* JOBSPLIT: ATTR WORK.REPNEU_ZLMS_EXPORT.DATA OUTPUT VARIABLE:YWE TYPE:CHARACTER LENGTH:1 LABEL:YWE FORMAT: INFORMAT: */
/* JOBSPLIT: ATTR WORK.REPNEU_ZLMS_EXPORT.DATA OUTPUT VARIABLE:INANSPRUCHNAHME TYPE:NUMERIC LENGTH:8 LABEL:Inanspruchnahme FORMAT: INFORMAT: */
/* JOBSPLIT: ATTR WORK.REPNEU_ZLMS_EXPORT.DATA OUTPUT VARIABLE:RECHTSFORM TYPE:NUMERIC LENGTH:8 LABEL:Rechtsform FORMAT: INFORMAT: */
/* JOBSPLIT: ATTR WORK.REPNEU_ZLMS_EXPORT.DATA OUTPUT VARIABLE:SCHLECHTKLASSE TYPE:NUMERIC LENGTH:8 LABEL:Schlechtklasse FORMAT: INFORMAT: */
/* JOBSPLIT: ATTR WORK.REPNEU_ZLMS_EXPORT.DATA OUTPUT VARIABLE:KREWTBER TYPE:NUMERIC LENGTH:8 LABEL:Einzelwertberichtigung FORMAT: INFORMAT: */
/* JOBSPLIT: ATTR WORK.REPNEU_ZLMS_EXPORT.DATA OUTPUT VARIABLE:DZ_BVR2MAP TYPE:CHARACTER LENGTH:4 LABEL:Rating DZ-Skala FORMAT: INFORMAT: */
/* JOBSPLIT: ATTR WORK.REPNEU_ZLMS_EXPORT.DATA OUTPUT VARIABLE:BNOTE TYPE:CHARACTER LENGTH:4 LABEL:Rating-Segment FORMAT: INFORMAT: */
/* JOBSPLIT: ATTR WORK.REPNEU_ZLMS_EXPORT.DATA OUTPUT VARIABLE:KDGVKNR TYPE:NUMERIC LENGTH:8 LABEL:GVK Nummer FORMAT: INFORMAT: */
/* JOBSPLIT: ATTR WORK.REPNEU_ZLMS_EXPORT.DATA OUTPUT VARIABLE:MAK_LAND TYPE:CHARACTER LENGTH:3 LABEL:MAK-Land FORMAT: INFORMAT: */
/* JOBSPLIT: ATTR WORK.REPNEU_ZLMS_EXPORT.DATA OUTPUT VARIABLE:BRANCHE_ORIGINAL TYPE:CHARACTER LENGTH:5 LABEL:Originalbranche FORMAT: INFORMAT: */
/* JOBSPLIT: ATTR WORK.REPNEU_ZLMS_EXPORT.DATA OUTPUT VARIABLE:KUNDE_LAND_DZ TYPE:CHARACTER LENGTH:3 LABEL:Kunde_Land_DZ FORMAT: INFORMAT: */
/* JOBSPLIT: ATTR WORK.REPNEU_ZLMS_EXPORT.DATA OUTPUT VARIABLE:GESAMTENGAGEMENT TYPE:NUMERIC LENGTH:8 LABEL:Gesamtengagement FORMAT: INFORMAT: */
/* JOBSPLIT: ATTR WORK.REPNEU_ZLMS_EXPORT.DATA OUTPUT VARIABLE:INANSPRUCHNAHME_DZ_BANK TYPE:NUMERIC LENGTH:8 LABEL:Inanspruchnahme DZ Bank FORMAT: INFORMAT: */
/* JOBSPLIT: ATTR WORK.REPNEU_ZLMS_EXPORT.DATA OUTPUT VARIABLE:LIMIT_EXT TYPE:NUMERIC LENGTH:8 LABEL:Limit Extern FORMAT: INFORMAT: */
/* JOBSPLIT: ATTR WORK.REPNEU_ZLMS_EXPORT.DATA OUTPUT VARIABLE:LIMIT_INT TYPE:NUMERIC LENGTH:8 LABEL:Limit_Intern FORMAT: INFORMAT: */
/* JOBSPLIT: ATTR WORK.REPNEU_ZLMS_EXPORT.DATA OUTPUT VARIABLE:SICHERHEITWERT2 TYPE:NUMERIC LENGTH:8 LABEL:Sicherheitwert 2 FORMAT: INFORMAT: */
/* JOBSPLIT: ATTR WORK.REPNEU_ZLMS_EXPORT.DATA OUTPUT VARIABLE:MONOLINER_NR TYPE:NUMERIC LENGTH:8 LABEL:Monoliner-Nr. FORMAT: INFORMAT: */
/* JOBSPLIT: ATTR WORK.REPNEU_ZLMS_EXPORT.DATA OUTPUT VARIABLE:VERBUERGT_DURCH TYPE:NUMERIC LENGTH:8 LABEL:Verbuergt durch FORMAT: INFORMAT: */
/* JOBSPLIT: ATTR WORK.REPNEU_ZLMS_EXPORT.DATA OUTPUT VARIABLE:OBJEKT_LAND TYPE:CHARACTER LENGTH:3 LABEL:Objektland FORMAT: INFORMAT: */
/* JOBSPLIT: ATTR WORK.REPNEU_ZLMS_EXPORT.DATA OUTPUT VARIABLE:YWE_INTERN TYPE:CHARACTER LENGTH:1 LABEL:YWE intern FORMAT: INFORMAT: */
/* JOBSPLIT: ATTR WORK.REPNEU_ZLMS_EXPORT.DATA OUTPUT VARIABLE:EMISSION_DZ_BVR2MAP TYPE:CHARACTER LENGTH:4 LABEL:Emissions-Rating DZ-Skala FORMAT: INFORMAT: */
/* JOBSPLIT: ATTR WORK.REPNEU_ZLMS_EXPORT.DATA OUTPUT VARIABLE:BUBA_GVK_NR TYPE:CHARACTER LENGTH:25 LABEL:Buba-GVK-Nr FORMAT: INFORMAT: */
/* JOBSPLIT: ATTR WORK.REPNEU_ZLMS_EXPORT.DATA OUTPUT VARIABLE:PARTNERID_KREDITANALYST TYPE:NUMERIC LENGTH:8 LABEL:SAP-GP-Nr des Kreditanalysten FORMAT: INFORMAT: */
/* JOBSPLIT: ATTR WORK.REPNEU_ZLMS_EXPORT.DATA OUTPUT VARIABLE:NAME_KREDITANALYST TYPE:CHARACTER LENGTH:40 LABEL:Name des Kreditanalysten FORMAT: INFORMAT: */
/* JOBSPLIT: ATTR WORK.REPNEU_ZLMS_EXPORT.DATA OUTPUT VARIABLE:SICHERUNGSWERT_DZ_BANK TYPE:NUMERIC LENGTH:8 LABEL:Sicherungswert DZ Bank FORMAT: INFORMAT: */
/* JOBSPLIT: ATTR WORK.REPNEU_ZLMS_EXPORT.DATA OUTPUT VARIABLE:START_ERM TYPE:CHARACTER LENGTH:10 LABEL:Datum der Erstaufnahme im ERM FORMAT: INFORMAT: */
/* JOBSPLIT: ATTR WORK.REPNEU_ZLMS_EXPORT.DATA OUTPUT VARIABLE:KDGVKNAME TYPE:CHARACTER LENGTH:163 LABEL:Name der GVK FORMAT: INFORMAT: */
/* JOBSPLIT: ATTR WORK.REPNEU_ZLMS_EXPORT.DATA OUTPUT VARIABLE:KDGVKSTRASSE TYPE:CHARACTER LENGTH:50 LABEL:Strasse der GVK FORMAT: INFORMAT: */
/* JOBSPLIT: ATTR WORK.REPNEU_ZLMS_EXPORT.DATA OUTPUT VARIABLE:KDGVKPLZ TYPE:CHARACTER LENGTH:10 LABEL:Postleitzahl der GVK FORMAT: INFORMAT: */
/* JOBSPLIT: ATTR WORK.REPNEU_ZLMS_EXPORT.DATA OUTPUT VARIABLE:ECHTE_KDGVKNR TYPE:CHARACTER LENGTH:25 LABEL:GVK-Nummer des Tochterunternehmens FORMAT: INFORMAT: */
/* JOBSPLIT: ATTR WORK.REPNEU_ZLMS_EXPORT.DATA OUTPUT VARIABLE:WZ_SCHLUESSEL TYPE:CHARACTER LENGTH:3 LABEL:WZ-Schlüssel FORMAT: INFORMAT: */
/* JOBSPLIT: ATTR WORK.REPNEU_ZLMS_EXPORT.DATA OUTPUT VARIABLE:BRANCHE_LANG TYPE:CHARACTER LENGTH:163 LABEL:Branche lang FORMAT: INFORMAT: */
/* JOBSPLIT: ATTR WORK.REPNEU_ZLMS_EXPORT.DATA OUTPUT VARIABLE:BRANCHE_LANG_ORIGINAL TYPE:CHARACTER LENGTH:163 LABEL:Branche lang original FORMAT: INFORMAT: */
/* JOBSPLIT: ATTR WORK.REPNEU_ZLMS_EXPORT.DATA OUTPUT VARIABLE:EWB_VORL TYPE:NUMERIC LENGTH:8 LABEL:vorlaeufige EWB FORMAT: INFORMAT: */
/* JOBSPLIT: ATTR WORK.REPNEU_ZLMS_EXPORT.DATA OUTPUT VARIABLE:EWB_VORL_YESNO TYPE:CHARACTER LENGTH:1 LABEL:Flag Gebuchte ERV FORMAT: INFORMAT: */
/* JOBSPLIT: ATTR WORK.REPNEU_ZLMS_EXPORT.DATA OUTPUT VARIABLE:BUERGSCHAFTSART_BCA TYPE:NUMERIC LENGTH:8 LABEL:Bürgschaftsart BCA FORMAT: INFORMAT: */
/* JOBSPLIT: ATTR WORK.REPNEU_ZLMS_EXPORT.DATA OUTPUT VARIABLE:PORTFOLIO TYPE:CHARACTER LENGTH:4 LABEL:Portfolio FORMAT: INFORMAT: */
/* JOBSPLIT: ELAPSED 828  */
/* JOBSPLIT: PROCNAME DATASTEP */
/* JOBSPLIT: STEP SOURCE FOLLOWS */


/* JOBSPLIT: TASKSTARTTIME 27JAN2025:09:36:45.60 */
/* JOBSPLIT: DATASET INPUT SEQ WORK.REPNEU_ZLMS_EXPORT.DATA */
/* JOBSPLIT: LIBNAME WORK V9 'E:\temp\SAS Temporary Files\_TD4208_DG115E12_' */
/* JOBSPLIT: OPENTIME WORK.REPNEU_ZLMS_EXPORT.DATA DATE:27JAN2025:09:36:45.60 PHYS:E:\temp\SAS Temporary Files\_TD4208_DG115E12_\repneu_zlms_export.sas7bdat SIZE:61669376 */
/* JOBSPLIT: CATALOG INPUT WORK.SASMACR.SYSATTRIBUTE.MACRO */
/* JOBSPLIT: LIBNAME WORK V9 'E:\temp\SAS Temporary Files\_TD4208_DG115E12_' */
/* JOBSPLIT: DATASET OUTPUT SEQ WORK.REPNEU_ZLMS_EXPORT.DATA */
/* JOBSPLIT: LIBNAME WORK V9 'E:\temp\SAS Temporary Files\_TD4208_DG115E12_' */
/* JOBSPLIT: ATTR WORK.REPNEU_ZLMS_EXPORT.DATA INPUT VARIABLE:QPARTNR TYPE:CHARACTER LENGTH:10 LABEL: FORMAT: INFORMAT: */
/* JOBSPLIT: ATTR WORK.REPNEU_ZLMS_EXPORT.DATA INPUT VARIABLE:BONIINST TYPE:NUMERIC LENGTH:8 LABEL:Ratingherkunft FORMAT: INFORMAT: */
/* JOBSPLIT: ATTR WORK.REPNEU_ZLMS_EXPORT.DATA INPUT VARIABLE:BRANCHE TYPE:CHARACTER LENGTH:5 LABEL:Risikobranche FORMAT: INFORMAT: */
/* JOBSPLIT: ATTR WORK.REPNEU_ZLMS_EXPORT.DATA INPUT VARIABLE:BRUTTO TYPE:NUMERIC LENGTH:8 LABEL:Brutto FORMAT: INFORMAT: */
/* JOBSPLIT: ATTR WORK.REPNEU_ZLMS_EXPORT.DATA INPUT VARIABLE:BVR2MAP TYPE:CHARACTER LENGTH:4 LABEL:Rating FORMAT: INFORMAT: */
/* JOBSPLIT: ATTR WORK.REPNEU_ZLMS_EXPORT.DATA INPUT VARIABLE:CVAR3 TYPE:NUMERIC LENGTH:8 LABEL:CVar 3 FORMAT: INFORMAT: */
/* JOBSPLIT: ATTR WORK.REPNEU_ZLMS_EXPORT.DATA INPUT VARIABLE:DATECH TYPE:CHARACTER LENGTH:40 LABEL:Darlehnsschlüssel/Aktenzeichen FORMAT: INFORMAT: */
/* JOBSPLIT: ATTR WORK.REPNEU_ZLMS_EXPORT.DATA INPUT VARIABLE:DECKUNGS_KZ TYPE:CHARACTER LENGTH:1 LABEL:Deckungskennzeichen FORMAT: INFORMAT: */
/* JOBSPLIT: ATTR WORK.REPNEU_ZLMS_EXPORT.DATA INPUT VARIABLE:DEPOT TYPE:CHARACTER LENGTH:20 LABEL:Depot FORMAT: INFORMAT: */
/* JOBSPLIT: ATTR WORK.REPNEU_ZLMS_EXPORT.DATA INPUT VARIABLE:DZBRANCHECLUSTER TYPE:NUMERIC LENGTH:8 LABEL:Branchen-Cluster gemäß DZ Bank FORMAT: INFORMAT: */
/* JOBSPLIT: ATTR WORK.REPNEU_ZLMS_EXPORT.DATA INPUT VARIABLE:DZBRANCHE_OBERGRUPPE TYPE:CHARACTER LENGTH:50 LABEL:Branchen-Obergruppe gemäß DZ Bank FORMAT: INFORMAT: */
/* JOBSPLIT: ATTR WORK.REPNEU_ZLMS_EXPORT.DATA INPUT VARIABLE:EL TYPE:NUMERIC LENGTH:8 LABEL:Expected Loss FORMAT: INFORMAT: */
/* JOBSPLIT: ATTR WORK.REPNEU_ZLMS_EXPORT.DATA INPUT VARIABLE:EWB_AKTUELL TYPE:NUMERIC LENGTH:8 LABEL:aktuelle EWB FORMAT: INFORMAT: */
/* JOBSPLIT: ATTR WORK.REPNEU_ZLMS_EXPORT.DATA INPUT VARIABLE:GESCHAEFTSBEREICH TYPE:CHARACTER LENGTH:1 LABEL:Geschäftsbereich FORMAT: INFORMAT: */
/* JOBSPLIT: ATTR WORK.REPNEU_ZLMS_EXPORT.DATA INPUT VARIABLE:ISANGEKMBS TYPE:CHARACTER LENGTH:10 LABEL:Kennzeichen MBS FORMAT: INFORMAT: */
/* JOBSPLIT: ATTR WORK.REPNEU_ZLMS_EXPORT.DATA INPUT VARIABLE:ISDZKONSOLID TYPE:CHARACTER LENGTH:1 LABEL:Kennzeichen DZ-konsolidiert FORMAT: INFORMAT: */
/* JOBSPLIT: ATTR WORK.REPNEU_ZLMS_EXPORT.DATA INPUT VARIABLE:ISWP TYPE:CHARACTER LENGTH:1 LABEL:Kennzeichen Wertpapier FORMAT: INFORMAT: */
/* JOBSPLIT: ATTR WORK.REPNEU_ZLMS_EXPORT.DATA INPUT VARIABLE:KDNR TYPE:CHARACTER LENGTH:25 LABEL:Kundennummer FORMAT: INFORMAT: */
/* JOBSPLIT: ATTR WORK.REPNEU_ZLMS_EXPORT.DATA INPUT VARIABLE:GVK_VOLUMEN_DZ_BANK TYPE:NUMERIC LENGTH:8 LABEL:GVK Volumen DZ Bank FORMAT: INFORMAT: */
/* JOBSPLIT: ATTR WORK.REPNEU_ZLMS_EXPORT.DATA INPUT VARIABLE:KUKLA TYPE:NUMERIC LENGTH:8 LABEL:Kundenklassse Basel II FORMAT: INFORMAT: */
/* JOBSPLIT: ATTR WORK.REPNEU_ZLMS_EXPORT.DATA INPUT VARIABLE:KUNDE_LAND TYPE:CHARACTER LENGTH:3 LABEL:Land des Kunden FORMAT: INFORMAT: */
/* JOBSPLIT: ATTR WORK.REPNEU_ZLMS_EXPORT.DATA INPUT VARIABLE:NAME TYPE:CHARACTER LENGTH:163 LABEL:Name des Kunden FORMAT: INFORMAT: */
/* JOBSPLIT: ATTR WORK.REPNEU_ZLMS_EXPORT.DATA INPUT VARIABLE:NETTO TYPE:NUMERIC LENGTH:8 LABEL:Netto FORMAT: INFORMAT: */
/* JOBSPLIT: ATTR WORK.REPNEU_ZLMS_EXPORT.DATA INPUT VARIABLE:RESTLAUFZEIT TYPE:NUMERIC LENGTH:8 LABEL:Restlaufzeit in Monaten FORMAT: INFORMAT: */
/* JOBSPLIT: ATTR WORK.REPNEU_ZLMS_EXPORT.DATA INPUT VARIABLE:VOLUMEN_DZ_BANK TYPE:NUMERIC LENGTH:8 LABEL:Volumen bei der DZ Bank FORMAT: INFORMAT: */
/* JOBSPLIT: ATTR WORK.REPNEU_ZLMS_EXPORT.DATA INPUT VARIABLE:WP_ART TYPE:CHARACTER LENGTH:15 LABEL:Wertpapierart FORMAT: INFORMAT: */
/* JOBSPLIT: ATTR WORK.REPNEU_ZLMS_EXPORT.DATA INPUT VARIABLE:YWE TYPE:CHARACTER LENGTH:1 LABEL:YWE FORMAT: INFORMAT: */
/* JOBSPLIT: ATTR WORK.REPNEU_ZLMS_EXPORT.DATA INPUT VARIABLE:INANSPRUCHNAHME TYPE:NUMERIC LENGTH:8 LABEL:Inanspruchnahme FORMAT: INFORMAT: */
/* JOBSPLIT: ATTR WORK.REPNEU_ZLMS_EXPORT.DATA INPUT VARIABLE:RECHTSFORM TYPE:NUMERIC LENGTH:8 LABEL:Rechtsform FORMAT: INFORMAT: */
/* JOBSPLIT: ATTR WORK.REPNEU_ZLMS_EXPORT.DATA INPUT VARIABLE:SCHLECHTKLASSE TYPE:NUMERIC LENGTH:8 LABEL:Schlechtklasse FORMAT: INFORMAT: */
/* JOBSPLIT: ATTR WORK.REPNEU_ZLMS_EXPORT.DATA INPUT VARIABLE:KREWTBER TYPE:NUMERIC LENGTH:8 LABEL:Einzelwertberichtigung FORMAT: INFORMAT: */
/* JOBSPLIT: ATTR WORK.REPNEU_ZLMS_EXPORT.DATA INPUT VARIABLE:DZ_BVR2MAP TYPE:CHARACTER LENGTH:4 LABEL:Rating DZ-Skala FORMAT: INFORMAT: */
/* JOBSPLIT: ATTR WORK.REPNEU_ZLMS_EXPORT.DATA INPUT VARIABLE:BNOTE TYPE:CHARACTER LENGTH:4 LABEL:Rating-Segment FORMAT: INFORMAT: */
/* JOBSPLIT: ATTR WORK.REPNEU_ZLMS_EXPORT.DATA INPUT VARIABLE:KDGVKNR TYPE:NUMERIC LENGTH:8 LABEL:GVK Nummer FORMAT: INFORMAT: */
/* JOBSPLIT: ATTR WORK.REPNEU_ZLMS_EXPORT.DATA INPUT VARIABLE:MAK_LAND TYPE:CHARACTER LENGTH:3 LABEL:MAK-Land FORMAT: INFORMAT: */
/* JOBSPLIT: ATTR WORK.REPNEU_ZLMS_EXPORT.DATA INPUT VARIABLE:BRANCHE_ORIGINAL TYPE:CHARACTER LENGTH:5 LABEL:Originalbranche FORMAT: INFORMAT: */
/* JOBSPLIT: ATTR WORK.REPNEU_ZLMS_EXPORT.DATA INPUT VARIABLE:KUNDE_LAND_DZ TYPE:CHARACTER LENGTH:3 LABEL:Kunde_Land_DZ FORMAT: INFORMAT: */
/* JOBSPLIT: ATTR WORK.REPNEU_ZLMS_EXPORT.DATA INPUT VARIABLE:GESAMTENGAGEMENT TYPE:NUMERIC LENGTH:8 LABEL:Gesamtengagement FORMAT: INFORMAT: */
/* JOBSPLIT: ATTR WORK.REPNEU_ZLMS_EXPORT.DATA INPUT VARIABLE:INANSPRUCHNAHME_DZ_BANK TYPE:NUMERIC LENGTH:8 LABEL:Inanspruchnahme DZ Bank FORMAT: INFORMAT: */
/* JOBSPLIT: ATTR WORK.REPNEU_ZLMS_EXPORT.DATA INPUT VARIABLE:LIMIT_EXT TYPE:NUMERIC LENGTH:8 LABEL:Limit Extern FORMAT: INFORMAT: */
/* JOBSPLIT: ATTR WORK.REPNEU_ZLMS_EXPORT.DATA INPUT VARIABLE:LIMIT_INT TYPE:NUMERIC LENGTH:8 LABEL:Limit_Intern FORMAT: INFORMAT: */
/* JOBSPLIT: ATTR WORK.REPNEU_ZLMS_EXPORT.DATA INPUT VARIABLE:SICHERHEITWERT2 TYPE:NUMERIC LENGTH:8 LABEL:Sicherheitwert 2 FORMAT: INFORMAT: */
/* JOBSPLIT: ATTR WORK.REPNEU_ZLMS_EXPORT.DATA INPUT VARIABLE:MONOLINER_NR TYPE:NUMERIC LENGTH:8 LABEL:Monoliner-Nr. FORMAT: INFORMAT: */
/* JOBSPLIT: ATTR WORK.REPNEU_ZLMS_EXPORT.DATA INPUT VARIABLE:VERBUERGT_DURCH TYPE:NUMERIC LENGTH:8 LABEL:Verbuergt durch FORMAT: INFORMAT: */
/* JOBSPLIT: ATTR WORK.REPNEU_ZLMS_EXPORT.DATA INPUT VARIABLE:OBJEKT_LAND TYPE:CHARACTER LENGTH:3 LABEL:Objektland FORMAT: INFORMAT: */
/* JOBSPLIT: ATTR WORK.REPNEU_ZLMS_EXPORT.DATA INPUT VARIABLE:YWE_INTERN TYPE:CHARACTER LENGTH:1 LABEL:YWE intern FORMAT: INFORMAT: */
/* JOBSPLIT: ATTR WORK.REPNEU_ZLMS_EXPORT.DATA INPUT VARIABLE:EMISSION_DZ_BVR2MAP TYPE:CHARACTER LENGTH:4 LABEL:Emissions-Rating DZ-Skala FORMAT: INFORMAT: */
/* JOBSPLIT: ATTR WORK.REPNEU_ZLMS_EXPORT.DATA INPUT VARIABLE:BUBA_GVK_NR TYPE:CHARACTER LENGTH:25 LABEL:Buba-GVK-Nr FORMAT: INFORMAT: */
/* JOBSPLIT: ATTR WORK.REPNEU_ZLMS_EXPORT.DATA INPUT VARIABLE:PARTNERID_KREDITANALYST TYPE:NUMERIC LENGTH:8 LABEL:SAP-GP-Nr des Kreditanalysten FORMAT: INFORMAT: */
/* JOBSPLIT: ATTR WORK.REPNEU_ZLMS_EXPORT.DATA INPUT VARIABLE:NAME_KREDITANALYST TYPE:CHARACTER LENGTH:40 LABEL:Name des Kreditanalysten FORMAT: INFORMAT: */
/* JOBSPLIT: ATTR WORK.REPNEU_ZLMS_EXPORT.DATA INPUT VARIABLE:SICHERUNGSWERT_DZ_BANK TYPE:NUMERIC LENGTH:8 LABEL:Sicherungswert DZ Bank FORMAT: INFORMAT: */
/* JOBSPLIT: ATTR WORK.REPNEU_ZLMS_EXPORT.DATA INPUT VARIABLE:START_ERM TYPE:CHARACTER LENGTH:10 LABEL:Datum der Erstaufnahme im ERM FORMAT: INFORMAT: */
/* JOBSPLIT: ATTR WORK.REPNEU_ZLMS_EXPORT.DATA INPUT VARIABLE:KDGVKNAME TYPE:CHARACTER LENGTH:163 LABEL:Name der GVK FORMAT: INFORMAT: */
/* JOBSPLIT: ATTR WORK.REPNEU_ZLMS_EXPORT.DATA INPUT VARIABLE:KDGVKSTRASSE TYPE:CHARACTER LENGTH:50 LABEL:Strasse der GVK FORMAT: INFORMAT: */
/* JOBSPLIT: ATTR WORK.REPNEU_ZLMS_EXPORT.DATA INPUT VARIABLE:KDGVKPLZ TYPE:CHARACTER LENGTH:10 LABEL:Postleitzahl der GVK FORMAT: INFORMAT: */
/* JOBSPLIT: ATTR WORK.REPNEU_ZLMS_EXPORT.DATA INPUT VARIABLE:ECHTE_KDGVKNR TYPE:CHARACTER LENGTH:25 LABEL:GVK-Nummer des Tochterunternehmens FORMAT: INFORMAT: */
/* JOBSPLIT: ATTR WORK.REPNEU_ZLMS_EXPORT.DATA INPUT VARIABLE:WZ_SCHLUESSEL TYPE:CHARACTER LENGTH:3 LABEL:WZ-Schlüssel FORMAT: INFORMAT: */
/* JOBSPLIT: ATTR WORK.REPNEU_ZLMS_EXPORT.DATA INPUT VARIABLE:BRANCHE_LANG TYPE:CHARACTER LENGTH:163 LABEL:Branche lang FORMAT: INFORMAT: */
/* JOBSPLIT: ATTR WORK.REPNEU_ZLMS_EXPORT.DATA INPUT VARIABLE:BRANCHE_LANG_ORIGINAL TYPE:CHARACTER LENGTH:163 LABEL:Branche lang original FORMAT: INFORMAT: */
/* JOBSPLIT: ATTR WORK.REPNEU_ZLMS_EXPORT.DATA INPUT VARIABLE:EWB_VORL TYPE:NUMERIC LENGTH:8 LABEL:vorlaeufige EWB FORMAT: INFORMAT: */
/* JOBSPLIT: ATTR WORK.REPNEU_ZLMS_EXPORT.DATA INPUT VARIABLE:EWB_VORL_YESNO TYPE:CHARACTER LENGTH:1 LABEL:Flag Gebuchte ERV FORMAT: INFORMAT: */
/* JOBSPLIT: ATTR WORK.REPNEU_ZLMS_EXPORT.DATA INPUT VARIABLE:BUERGSCHAFTSART_BCA TYPE:NUMERIC LENGTH:8 LABEL:Bürgschaftsart BCA FORMAT: INFORMAT: */
/* JOBSPLIT: ATTR WORK.REPNEU_ZLMS_EXPORT.DATA INPUT VARIABLE:PORTFOLIO TYPE:CHARACTER LENGTH:4 LABEL:Portfolio FORMAT: INFORMAT: */
/* JOBSPLIT: ATTR WORK.REPNEU_ZLMS_EXPORT.DATA INPUT VARIABLE:SystemId TYPE:CHARACTER LENGTH:3 LABEL:System FORMAT:$3. INFORMAT: */
/* JOBSPLIT: ATTR WORK.REPNEU_ZLMS_EXPORT.DATA INPUT VARIABLE:DT_Steindat TYPE:NUMERIC LENGTH:8 LABEL:Eingangsdatum DWH FORMAT:EURDFDD10. INFORMAT: */
/* JOBSPLIT: ATTR WORK.REPNEU_ZLMS_EXPORT.DATA INPUT VARIABLE:RATING_DAT TYPE:NUMERIC LENGTH:8 LABEL:Ratingdatum FORMAT:EURDFDD10. INFORMAT: */
/* JOBSPLIT: ATTR WORK.REPNEU_ZLMS_EXPORT.DATA INPUT VARIABLE:DADATZUS TYPE:NUMERIC LENGTH:8 LABEL:Zusagedatum FORMAT:EURDFDD10. INFORMAT: */
/* JOBSPLIT: ATTR WORK.REPNEU_ZLMS_EXPORT.DATA OUTPUT VARIABLE:QPARTNR TYPE:CHARACTER LENGTH:10 LABEL: FORMAT: INFORMAT: */
/* JOBSPLIT: ATTR WORK.REPNEU_ZLMS_EXPORT.DATA OUTPUT VARIABLE:BONIINST TYPE:NUMERIC LENGTH:8 LABEL:Ratingherkunft FORMAT: INFORMAT: */
/* JOBSPLIT: ATTR WORK.REPNEU_ZLMS_EXPORT.DATA OUTPUT VARIABLE:BRANCHE TYPE:CHARACTER LENGTH:5 LABEL:Risikobranche FORMAT: INFORMAT: */
/* JOBSPLIT: ATTR WORK.REPNEU_ZLMS_EXPORT.DATA OUTPUT VARIABLE:BRUTTO TYPE:NUMERIC LENGTH:8 LABEL:Brutto FORMAT: INFORMAT: */
/* JOBSPLIT: ATTR WORK.REPNEU_ZLMS_EXPORT.DATA OUTPUT VARIABLE:BVR2MAP TYPE:CHARACTER LENGTH:4 LABEL:Rating FORMAT: INFORMAT: */
/* JOBSPLIT: ATTR WORK.REPNEU_ZLMS_EXPORT.DATA OUTPUT VARIABLE:CVAR3 TYPE:NUMERIC LENGTH:8 LABEL:CVar 3 FORMAT: INFORMAT: */
/* JOBSPLIT: ATTR WORK.REPNEU_ZLMS_EXPORT.DATA OUTPUT VARIABLE:DATECH TYPE:CHARACTER LENGTH:40 LABEL:Darlehnsschlüssel/Aktenzeichen FORMAT: INFORMAT: */
/* JOBSPLIT: ATTR WORK.REPNEU_ZLMS_EXPORT.DATA OUTPUT VARIABLE:DECKUNGS_KZ TYPE:CHARACTER LENGTH:1 LABEL:Deckungskennzeichen FORMAT: INFORMAT: */
/* JOBSPLIT: ATTR WORK.REPNEU_ZLMS_EXPORT.DATA OUTPUT VARIABLE:DEPOT TYPE:CHARACTER LENGTH:20 LABEL:Depot FORMAT: INFORMAT: */
/* JOBSPLIT: ATTR WORK.REPNEU_ZLMS_EXPORT.DATA OUTPUT VARIABLE:DZBRANCHECLUSTER TYPE:NUMERIC LENGTH:8 LABEL:Branchen-Cluster gemäß DZ Bank FORMAT: INFORMAT: */
/* JOBSPLIT: ATTR WORK.REPNEU_ZLMS_EXPORT.DATA OUTPUT VARIABLE:DZBRANCHE_OBERGRUPPE TYPE:CHARACTER LENGTH:50 LABEL:Branchen-Obergruppe gemäß DZ Bank FORMAT: INFORMAT: */
/* JOBSPLIT: ATTR WORK.REPNEU_ZLMS_EXPORT.DATA OUTPUT VARIABLE:EL TYPE:NUMERIC LENGTH:8 LABEL:Expected Loss FORMAT: INFORMAT: */
/* JOBSPLIT: ATTR WORK.REPNEU_ZLMS_EXPORT.DATA OUTPUT VARIABLE:EWB_AKTUELL TYPE:NUMERIC LENGTH:8 LABEL:aktuelle EWB FORMAT: INFORMAT: */
/* JOBSPLIT: ATTR WORK.REPNEU_ZLMS_EXPORT.DATA OUTPUT VARIABLE:GESCHAEFTSBEREICH TYPE:CHARACTER LENGTH:1 LABEL:Geschäftsbereich FORMAT: INFORMAT: */
/* JOBSPLIT: ATTR WORK.REPNEU_ZLMS_EXPORT.DATA OUTPUT VARIABLE:ISANGEKMBS TYPE:CHARACTER LENGTH:10 LABEL:Kennzeichen MBS FORMAT: INFORMAT: */
/* JOBSPLIT: ATTR WORK.REPNEU_ZLMS_EXPORT.DATA OUTPUT VARIABLE:ISDZKONSOLID TYPE:CHARACTER LENGTH:1 LABEL:Kennzeichen DZ-konsolidiert FORMAT: INFORMAT: */
/* JOBSPLIT: ATTR WORK.REPNEU_ZLMS_EXPORT.DATA OUTPUT VARIABLE:ISWP TYPE:CHARACTER LENGTH:1 LABEL:Kennzeichen Wertpapier FORMAT: INFORMAT: */
/* JOBSPLIT: ATTR WORK.REPNEU_ZLMS_EXPORT.DATA OUTPUT VARIABLE:KDNR TYPE:CHARACTER LENGTH:25 LABEL:Kundennummer FORMAT: INFORMAT: */
/* JOBSPLIT: ATTR WORK.REPNEU_ZLMS_EXPORT.DATA OUTPUT VARIABLE:GVK_VOLUMEN_DZ_BANK TYPE:NUMERIC LENGTH:8 LABEL:GVK Volumen DZ Bank FORMAT: INFORMAT: */
/* JOBSPLIT: ATTR WORK.REPNEU_ZLMS_EXPORT.DATA OUTPUT VARIABLE:KUKLA TYPE:NUMERIC LENGTH:8 LABEL:Kundenklassse Basel II FORMAT: INFORMAT: */
/* JOBSPLIT: ATTR WORK.REPNEU_ZLMS_EXPORT.DATA OUTPUT VARIABLE:KUNDE_LAND TYPE:CHARACTER LENGTH:3 LABEL:Land des Kunden FORMAT: INFORMAT: */
/* JOBSPLIT: ATTR WORK.REPNEU_ZLMS_EXPORT.DATA OUTPUT VARIABLE:NAME TYPE:CHARACTER LENGTH:163 LABEL:Name des Kunden FORMAT: INFORMAT: */
/* JOBSPLIT: ATTR WORK.REPNEU_ZLMS_EXPORT.DATA OUTPUT VARIABLE:NETTO TYPE:NUMERIC LENGTH:8 LABEL:Netto FORMAT: INFORMAT: */
/* JOBSPLIT: ATTR WORK.REPNEU_ZLMS_EXPORT.DATA OUTPUT VARIABLE:RESTLAUFZEIT TYPE:NUMERIC LENGTH:8 LABEL:Restlaufzeit in Monaten FORMAT: INFORMAT: */
/* JOBSPLIT: ATTR WORK.REPNEU_ZLMS_EXPORT.DATA OUTPUT VARIABLE:VOLUMEN_DZ_BANK TYPE:NUMERIC LENGTH:8 LABEL:Volumen bei der DZ Bank FORMAT: INFORMAT: */
/* JOBSPLIT: ATTR WORK.REPNEU_ZLMS_EXPORT.DATA OUTPUT VARIABLE:WP_ART TYPE:CHARACTER LENGTH:15 LABEL:Wertpapierart FORMAT: INFORMAT: */
/* JOBSPLIT: ATTR WORK.REPNEU_ZLMS_EXPORT.DATA OUTPUT VARIABLE:YWE TYPE:CHARACTER LENGTH:1 LABEL:YWE FORMAT: INFORMAT: */
/* JOBSPLIT: ATTR WORK.REPNEU_ZLMS_EXPORT.DATA OUTPUT VARIABLE:INANSPRUCHNAHME TYPE:NUMERIC LENGTH:8 LABEL:Inanspruchnahme FORMAT: INFORMAT: */
/* JOBSPLIT: ATTR WORK.REPNEU_ZLMS_EXPORT.DATA OUTPUT VARIABLE:RECHTSFORM TYPE:NUMERIC LENGTH:8 LABEL:Rechtsform FORMAT: INFORMAT: */
/* JOBSPLIT: ATTR WORK.REPNEU_ZLMS_EXPORT.DATA OUTPUT VARIABLE:SCHLECHTKLASSE TYPE:NUMERIC LENGTH:8 LABEL:Schlechtklasse FORMAT: INFORMAT: */
/* JOBSPLIT: ATTR WORK.REPNEU_ZLMS_EXPORT.DATA OUTPUT VARIABLE:KREWTBER TYPE:NUMERIC LENGTH:8 LABEL:Einzelwertberichtigung FORMAT: INFORMAT: */
/* JOBSPLIT: ATTR WORK.REPNEU_ZLMS_EXPORT.DATA OUTPUT VARIABLE:DZ_BVR2MAP TYPE:CHARACTER LENGTH:4 LABEL:Rating DZ-Skala FORMAT: INFORMAT: */
/* JOBSPLIT: ATTR WORK.REPNEU_ZLMS_EXPORT.DATA OUTPUT VARIABLE:BNOTE TYPE:CHARACTER LENGTH:4 LABEL:Rating-Segment FORMAT: INFORMAT: */
/* JOBSPLIT: ATTR WORK.REPNEU_ZLMS_EXPORT.DATA OUTPUT VARIABLE:KDGVKNR TYPE:NUMERIC LENGTH:8 LABEL:GVK Nummer FORMAT: INFORMAT: */
/* JOBSPLIT: ATTR WORK.REPNEU_ZLMS_EXPORT.DATA OUTPUT VARIABLE:MAK_LAND TYPE:CHARACTER LENGTH:3 LABEL:MAK-Land FORMAT: INFORMAT: */
/* JOBSPLIT: ATTR WORK.REPNEU_ZLMS_EXPORT.DATA OUTPUT VARIABLE:BRANCHE_ORIGINAL TYPE:CHARACTER LENGTH:5 LABEL:Originalbranche FORMAT: INFORMAT: */
/* JOBSPLIT: ATTR WORK.REPNEU_ZLMS_EXPORT.DATA OUTPUT VARIABLE:KUNDE_LAND_DZ TYPE:CHARACTER LENGTH:3 LABEL:Kunde_Land_DZ FORMAT: INFORMAT: */
/* JOBSPLIT: ATTR WORK.REPNEU_ZLMS_EXPORT.DATA OUTPUT VARIABLE:GESAMTENGAGEMENT TYPE:NUMERIC LENGTH:8 LABEL:Gesamtengagement FORMAT: INFORMAT: */
/* JOBSPLIT: ATTR WORK.REPNEU_ZLMS_EXPORT.DATA OUTPUT VARIABLE:INANSPRUCHNAHME_DZ_BANK TYPE:NUMERIC LENGTH:8 LABEL:Inanspruchnahme DZ Bank FORMAT: INFORMAT: */
/* JOBSPLIT: ATTR WORK.REPNEU_ZLMS_EXPORT.DATA OUTPUT VARIABLE:LIMIT_EXT TYPE:NUMERIC LENGTH:8 LABEL:Limit Extern FORMAT: INFORMAT: */
/* JOBSPLIT: ATTR WORK.REPNEU_ZLMS_EXPORT.DATA OUTPUT VARIABLE:LIMIT_INT TYPE:NUMERIC LENGTH:8 LABEL:Limit_Intern FORMAT: INFORMAT: */
/* JOBSPLIT: ATTR WORK.REPNEU_ZLMS_EXPORT.DATA OUTPUT VARIABLE:SICHERHEITWERT2 TYPE:NUMERIC LENGTH:8 LABEL:Sicherheitwert 2 FORMAT: INFORMAT: */
/* JOBSPLIT: ATTR WORK.REPNEU_ZLMS_EXPORT.DATA OUTPUT VARIABLE:MONOLINER_NR TYPE:NUMERIC LENGTH:8 LABEL:Monoliner-Nr. FORMAT: INFORMAT: */
/* JOBSPLIT: ATTR WORK.REPNEU_ZLMS_EXPORT.DATA OUTPUT VARIABLE:VERBUERGT_DURCH TYPE:NUMERIC LENGTH:8 LABEL:Verbuergt durch FORMAT: INFORMAT: */
/* JOBSPLIT: ATTR WORK.REPNEU_ZLMS_EXPORT.DATA OUTPUT VARIABLE:OBJEKT_LAND TYPE:CHARACTER LENGTH:3 LABEL:Objektland FORMAT: INFORMAT: */
/* JOBSPLIT: ATTR WORK.REPNEU_ZLMS_EXPORT.DATA OUTPUT VARIABLE:YWE_INTERN TYPE:CHARACTER LENGTH:1 LABEL:YWE intern FORMAT: INFORMAT: */
/* JOBSPLIT: ATTR WORK.REPNEU_ZLMS_EXPORT.DATA OUTPUT VARIABLE:EMISSION_DZ_BVR2MAP TYPE:CHARACTER LENGTH:4 LABEL:Emissions-Rating DZ-Skala FORMAT: INFORMAT: */
/* JOBSPLIT: ATTR WORK.REPNEU_ZLMS_EXPORT.DATA OUTPUT VARIABLE:BUBA_GVK_NR TYPE:CHARACTER LENGTH:25 LABEL:Buba-GVK-Nr FORMAT: INFORMAT: */
/* JOBSPLIT: ATTR WORK.REPNEU_ZLMS_EXPORT.DATA OUTPUT VARIABLE:PARTNERID_KREDITANALYST TYPE:NUMERIC LENGTH:8 LABEL:SAP-GP-Nr des Kreditanalysten FORMAT: INFORMAT: */
/* JOBSPLIT: ATTR WORK.REPNEU_ZLMS_EXPORT.DATA OUTPUT VARIABLE:NAME_KREDITANALYST TYPE:CHARACTER LENGTH:40 LABEL:Name des Kreditanalysten FORMAT: INFORMAT: */
/* JOBSPLIT: ATTR WORK.REPNEU_ZLMS_EXPORT.DATA OUTPUT VARIABLE:SICHERUNGSWERT_DZ_BANK TYPE:NUMERIC LENGTH:8 LABEL:Sicherungswert DZ Bank FORMAT: INFORMAT: */
/* JOBSPLIT: ATTR WORK.REPNEU_ZLMS_EXPORT.DATA OUTPUT VARIABLE:START_ERM TYPE:CHARACTER LENGTH:10 LABEL:Datum der Erstaufnahme im ERM FORMAT: INFORMAT: */
/* JOBSPLIT: ATTR WORK.REPNEU_ZLMS_EXPORT.DATA OUTPUT VARIABLE:KDGVKNAME TYPE:CHARACTER LENGTH:163 LABEL:Name der GVK FORMAT: INFORMAT: */
/* JOBSPLIT: ATTR WORK.REPNEU_ZLMS_EXPORT.DATA OUTPUT VARIABLE:KDGVKSTRASSE TYPE:CHARACTER LENGTH:50 LABEL:Strasse der GVK FORMAT: INFORMAT: */
/* JOBSPLIT: ATTR WORK.REPNEU_ZLMS_EXPORT.DATA OUTPUT VARIABLE:KDGVKPLZ TYPE:CHARACTER LENGTH:10 LABEL:Postleitzahl der GVK FORMAT: INFORMAT: */
/* JOBSPLIT: ATTR WORK.REPNEU_ZLMS_EXPORT.DATA OUTPUT VARIABLE:ECHTE_KDGVKNR TYPE:CHARACTER LENGTH:25 LABEL:GVK-Nummer des Tochterunternehmens FORMAT: INFORMAT: */
/* JOBSPLIT: ATTR WORK.REPNEU_ZLMS_EXPORT.DATA OUTPUT VARIABLE:WZ_SCHLUESSEL TYPE:CHARACTER LENGTH:3 LABEL:WZ-Schlüssel FORMAT: INFORMAT: */
/* JOBSPLIT: ATTR WORK.REPNEU_ZLMS_EXPORT.DATA OUTPUT VARIABLE:BRANCHE_LANG TYPE:CHARACTER LENGTH:163 LABEL:Branche lang FORMAT: INFORMAT: */
/* JOBSPLIT: ATTR WORK.REPNEU_ZLMS_EXPORT.DATA OUTPUT VARIABLE:BRANCHE_LANG_ORIGINAL TYPE:CHARACTER LENGTH:163 LABEL:Branche lang original FORMAT: INFORMAT: */
/* JOBSPLIT: ATTR WORK.REPNEU_ZLMS_EXPORT.DATA OUTPUT VARIABLE:EWB_VORL TYPE:NUMERIC LENGTH:8 LABEL:vorlaeufige EWB FORMAT: INFORMAT: */
/* JOBSPLIT: ATTR WORK.REPNEU_ZLMS_EXPORT.DATA OUTPUT VARIABLE:EWB_VORL_YESNO TYPE:CHARACTER LENGTH:1 LABEL:Flag Gebuchte ERV FORMAT: INFORMAT: */
/* JOBSPLIT: ATTR WORK.REPNEU_ZLMS_EXPORT.DATA OUTPUT VARIABLE:BUERGSCHAFTSART_BCA TYPE:NUMERIC LENGTH:8 LABEL:Bürgschaftsart BCA FORMAT: INFORMAT: */
/* JOBSPLIT: ATTR WORK.REPNEU_ZLMS_EXPORT.DATA OUTPUT VARIABLE:PORTFOLIO TYPE:CHARACTER LENGTH:4 LABEL:Portfolio FORMAT: INFORMAT: */
/* JOBSPLIT: ATTR WORK.REPNEU_ZLMS_EXPORT.DATA OUTPUT VARIABLE:SystemId TYPE:CHARACTER LENGTH:3 LABEL:System FORMAT:$3. INFORMAT: */
/* JOBSPLIT: ATTR WORK.REPNEU_ZLMS_EXPORT.DATA OUTPUT VARIABLE:DT_Steindat TYPE:NUMERIC LENGTH:8 LABEL:Eingangsdatum DWH FORMAT:EURDFDD10. INFORMAT: */
/* JOBSPLIT: ATTR WORK.REPNEU_ZLMS_EXPORT.DATA OUTPUT VARIABLE:RATING_DAT TYPE:NUMERIC LENGTH:8 LABEL:Ratingdatum FORMAT:EURDFDD10. INFORMAT: */
/* JOBSPLIT: ATTR WORK.REPNEU_ZLMS_EXPORT.DATA OUTPUT VARIABLE:DADATZUS TYPE:NUMERIC LENGTH:8 LABEL:Zusagedatum FORMAT:EURDFDD10. INFORMAT: */
/* JOBSPLIT: SYMBOL GET SHEUTE */
/* JOBSPLIT: ELAPSED 549  */
/* JOBSPLIT: PROCNAME DATASTEP */
/* JOBSPLIT: STEP SOURCE FOLLOWS */


/* JOBSPLIT: TASKSTARTTIME 27JAN2025:09:36:46.15 */
/* JOBSPLIT: DATASET INPUT SEQ WORK.REPNEU_ZLMS_EXPORT.DATA */
/* JOBSPLIT: LIBNAME WORK V9 'E:\temp\SAS Temporary Files\_TD4208_DG115E12_' */
/* JOBSPLIT: OPENTIME WORK.REPNEU_ZLMS_EXPORT.DATA DATE:27JAN2025:09:36:46.16 PHYS:E:\temp\SAS Temporary Files\_TD4208_DG115E12_\repneu_zlms_export.sas7bdat SIZE:60751872 */
/* JOBSPLIT: DATASET OUTPUT SEQ DWH139.REPNEU_ZLMS_EXPORT.DATA */
/* JOBSPLIT: LIBNAME DWH139 "E:\TS\Parallel_prod_Frank\ZLMS\data\ZLM\ZLM001" */
/* JOBSPLIT: CATALOG OUTPUT WORK.SASMACR.MYATTRIB_STEUER_REL_ADRESSEN.MACRO */
/* JOBSPLIT: LIBNAME WORK V9 'E:\temp\SAS Temporary Files\_TD4208_DG115E12_' */
/* JOBSPLIT: CATALOG INPUT WORK.SASMACR.MYATTRIB_STEUER_REL_ADRESSEN.MACRO */
/* JOBSPLIT: LIBNAME WORK V9 'E:\temp\SAS Temporary Files\_TD4208_DG115E12_' */
/* JOBSPLIT: CATALOG OUTPUT WORK.SASMACR.SYSTEMP.MACRO */
/* JOBSPLIT: LIBNAME WORK V9 'E:\temp\SAS Temporary Files\_TD4208_DG115E12_' */
/* JOBSPLIT: CATALOG UPDATE WORK.SASMACR.SYSTEMP.MACRO */
/* JOBSPLIT: LIBNAME WORK V9 'E:\temp\SAS Temporary Files\_TD4208_DG115E12_' */
/* JOBSPLIT: ATTR WORK.REPNEU_ZLMS_EXPORT.DATA INPUT VARIABLE:QPARTNR TYPE:CHARACTER LENGTH:10 LABEL: FORMAT: INFORMAT: */
/* JOBSPLIT: ATTR WORK.REPNEU_ZLMS_EXPORT.DATA INPUT VARIABLE:BONIINST TYPE:NUMERIC LENGTH:8 LABEL:Ratingherkunft FORMAT: INFORMAT: */
/* JOBSPLIT: ATTR WORK.REPNEU_ZLMS_EXPORT.DATA INPUT VARIABLE:BRANCHE TYPE:CHARACTER LENGTH:5 LABEL:Risikobranche FORMAT: INFORMAT: */
/* JOBSPLIT: ATTR WORK.REPNEU_ZLMS_EXPORT.DATA INPUT VARIABLE:BRUTTO TYPE:NUMERIC LENGTH:8 LABEL:Brutto FORMAT: INFORMAT: */
/* JOBSPLIT: ATTR WORK.REPNEU_ZLMS_EXPORT.DATA INPUT VARIABLE:BVR2MAP TYPE:CHARACTER LENGTH:4 LABEL:Rating FORMAT: INFORMAT: */
/* JOBSPLIT: ATTR WORK.REPNEU_ZLMS_EXPORT.DATA INPUT VARIABLE:CVAR3 TYPE:NUMERIC LENGTH:8 LABEL:CVar 3 FORMAT: INFORMAT: */
/* JOBSPLIT: ATTR WORK.REPNEU_ZLMS_EXPORT.DATA INPUT VARIABLE:DATECH TYPE:CHARACTER LENGTH:40 LABEL:Darlehnsschlüssel/Aktenzeichen FORMAT: INFORMAT: */
/* JOBSPLIT: ATTR WORK.REPNEU_ZLMS_EXPORT.DATA INPUT VARIABLE:DECKUNGS_KZ TYPE:CHARACTER LENGTH:1 LABEL:Deckungskennzeichen FORMAT: INFORMAT: */
/* JOBSPLIT: ATTR WORK.REPNEU_ZLMS_EXPORT.DATA INPUT VARIABLE:DEPOT TYPE:CHARACTER LENGTH:20 LABEL:Depot FORMAT: INFORMAT: */
/* JOBSPLIT: ATTR WORK.REPNEU_ZLMS_EXPORT.DATA INPUT VARIABLE:DZBRANCHECLUSTER TYPE:NUMERIC LENGTH:8 LABEL:Branchen-Cluster gemäß DZ Bank FORMAT: INFORMAT: */
/* JOBSPLIT: ATTR WORK.REPNEU_ZLMS_EXPORT.DATA INPUT VARIABLE:DZBRANCHE_OBERGRUPPE TYPE:CHARACTER LENGTH:50 LABEL:Branchen-Obergruppe gemäß DZ Bank FORMAT: INFORMAT: */
/* JOBSPLIT: ATTR WORK.REPNEU_ZLMS_EXPORT.DATA INPUT VARIABLE:EL TYPE:NUMERIC LENGTH:8 LABEL:Expected Loss FORMAT: INFORMAT: */
/* JOBSPLIT: ATTR WORK.REPNEU_ZLMS_EXPORT.DATA INPUT VARIABLE:EWB_AKTUELL TYPE:NUMERIC LENGTH:8 LABEL:aktuelle EWB FORMAT: INFORMAT: */
/* JOBSPLIT: ATTR WORK.REPNEU_ZLMS_EXPORT.DATA INPUT VARIABLE:GESCHAEFTSBEREICH TYPE:CHARACTER LENGTH:1 LABEL:Geschäftsbereich FORMAT: INFORMAT: */
/* JOBSPLIT: ATTR WORK.REPNEU_ZLMS_EXPORT.DATA INPUT VARIABLE:ISANGEKMBS TYPE:CHARACTER LENGTH:10 LABEL:Kennzeichen MBS FORMAT: INFORMAT: */
/* JOBSPLIT: ATTR WORK.REPNEU_ZLMS_EXPORT.DATA INPUT VARIABLE:ISDZKONSOLID TYPE:CHARACTER LENGTH:1 LABEL:Kennzeichen DZ-konsolidiert FORMAT: INFORMAT: */
/* JOBSPLIT: ATTR WORK.REPNEU_ZLMS_EXPORT.DATA INPUT VARIABLE:ISWP TYPE:CHARACTER LENGTH:1 LABEL:Kennzeichen Wertpapier FORMAT: INFORMAT: */
/* JOBSPLIT: ATTR WORK.REPNEU_ZLMS_EXPORT.DATA INPUT VARIABLE:KDNR TYPE:CHARACTER LENGTH:25 LABEL:Kundennummer FORMAT: INFORMAT: */
/* JOBSPLIT: ATTR WORK.REPNEU_ZLMS_EXPORT.DATA INPUT VARIABLE:GVK_VOLUMEN_DZ_BANK TYPE:NUMERIC LENGTH:8 LABEL:GVK Volumen DZ Bank FORMAT: INFORMAT: */
/* JOBSPLIT: ATTR WORK.REPNEU_ZLMS_EXPORT.DATA INPUT VARIABLE:KUKLA TYPE:NUMERIC LENGTH:8 LABEL:Kundenklassse Basel II FORMAT: INFORMAT: */
/* JOBSPLIT: ATTR WORK.REPNEU_ZLMS_EXPORT.DATA INPUT VARIABLE:KUNDE_LAND TYPE:CHARACTER LENGTH:3 LABEL:Land des Kunden FORMAT: INFORMAT: */
/* JOBSPLIT: ATTR WORK.REPNEU_ZLMS_EXPORT.DATA INPUT VARIABLE:NAME TYPE:CHARACTER LENGTH:163 LABEL:Name des Kunden FORMAT: INFORMAT: */
/* JOBSPLIT: ATTR WORK.REPNEU_ZLMS_EXPORT.DATA INPUT VARIABLE:NETTO TYPE:NUMERIC LENGTH:8 LABEL:Netto FORMAT: INFORMAT: */
/* JOBSPLIT: ATTR WORK.REPNEU_ZLMS_EXPORT.DATA INPUT VARIABLE:RESTLAUFZEIT TYPE:NUMERIC LENGTH:8 LABEL:Restlaufzeit in Monaten FORMAT: INFORMAT: */
/* JOBSPLIT: ATTR WORK.REPNEU_ZLMS_EXPORT.DATA INPUT VARIABLE:VOLUMEN_DZ_BANK TYPE:NUMERIC LENGTH:8 LABEL:Volumen bei der DZ Bank FORMAT: INFORMAT: */
/* JOBSPLIT: ATTR WORK.REPNEU_ZLMS_EXPORT.DATA INPUT VARIABLE:WP_ART TYPE:CHARACTER LENGTH:15 LABEL:Wertpapierart FORMAT: INFORMAT: */
/* JOBSPLIT: ATTR WORK.REPNEU_ZLMS_EXPORT.DATA INPUT VARIABLE:YWE TYPE:CHARACTER LENGTH:1 LABEL:YWE FORMAT: INFORMAT: */
/* JOBSPLIT: ATTR WORK.REPNEU_ZLMS_EXPORT.DATA INPUT VARIABLE:INANSPRUCHNAHME TYPE:NUMERIC LENGTH:8 LABEL:Inanspruchnahme FORMAT: INFORMAT: */
/* JOBSPLIT: ATTR WORK.REPNEU_ZLMS_EXPORT.DATA INPUT VARIABLE:RECHTSFORM TYPE:NUMERIC LENGTH:8 LABEL:Rechtsform FORMAT: INFORMAT: */
/* JOBSPLIT: ATTR WORK.REPNEU_ZLMS_EXPORT.DATA INPUT VARIABLE:SCHLECHTKLASSE TYPE:NUMERIC LENGTH:8 LABEL:Schlechtklasse FORMAT: INFORMAT: */
/* JOBSPLIT: ATTR WORK.REPNEU_ZLMS_EXPORT.DATA INPUT VARIABLE:KREWTBER TYPE:NUMERIC LENGTH:8 LABEL:Einzelwertberichtigung FORMAT: INFORMAT: */
/* JOBSPLIT: ATTR WORK.REPNEU_ZLMS_EXPORT.DATA INPUT VARIABLE:DZ_BVR2MAP TYPE:CHARACTER LENGTH:4 LABEL:Rating DZ-Skala FORMAT: INFORMAT: */
/* JOBSPLIT: ATTR WORK.REPNEU_ZLMS_EXPORT.DATA INPUT VARIABLE:BNOTE TYPE:CHARACTER LENGTH:4 LABEL:Rating-Segment FORMAT: INFORMAT: */
/* JOBSPLIT: ATTR WORK.REPNEU_ZLMS_EXPORT.DATA INPUT VARIABLE:KDGVKNR TYPE:NUMERIC LENGTH:8 LABEL:GVK Nummer FORMAT: INFORMAT: */
/* JOBSPLIT: ATTR WORK.REPNEU_ZLMS_EXPORT.DATA INPUT VARIABLE:MAK_LAND TYPE:CHARACTER LENGTH:3 LABEL:MAK-Land FORMAT: INFORMAT: */
/* JOBSPLIT: ATTR WORK.REPNEU_ZLMS_EXPORT.DATA INPUT VARIABLE:BRANCHE_ORIGINAL TYPE:CHARACTER LENGTH:5 LABEL:Originalbranche FORMAT: INFORMAT: */
/* JOBSPLIT: ATTR WORK.REPNEU_ZLMS_EXPORT.DATA INPUT VARIABLE:KUNDE_LAND_DZ TYPE:CHARACTER LENGTH:3 LABEL:Kunde_Land_DZ FORMAT: INFORMAT: */
/* JOBSPLIT: ATTR WORK.REPNEU_ZLMS_EXPORT.DATA INPUT VARIABLE:GESAMTENGAGEMENT TYPE:NUMERIC LENGTH:8 LABEL:Gesamtengagement FORMAT: INFORMAT: */
/* JOBSPLIT: ATTR WORK.REPNEU_ZLMS_EXPORT.DATA INPUT VARIABLE:INANSPRUCHNAHME_DZ_BANK TYPE:NUMERIC LENGTH:8 LABEL:Inanspruchnahme DZ Bank FORMAT: INFORMAT: */
/* JOBSPLIT: ATTR WORK.REPNEU_ZLMS_EXPORT.DATA INPUT VARIABLE:LIMIT_EXT TYPE:NUMERIC LENGTH:8 LABEL:Limit Extern FORMAT: INFORMAT: */
/* JOBSPLIT: ATTR WORK.REPNEU_ZLMS_EXPORT.DATA INPUT VARIABLE:LIMIT_INT TYPE:NUMERIC LENGTH:8 LABEL:Limit_Intern FORMAT: INFORMAT: */
/* JOBSPLIT: ATTR WORK.REPNEU_ZLMS_EXPORT.DATA INPUT VARIABLE:SICHERHEITWERT2 TYPE:NUMERIC LENGTH:8 LABEL:Sicherheitwert 2 FORMAT: INFORMAT: */
/* JOBSPLIT: ATTR WORK.REPNEU_ZLMS_EXPORT.DATA INPUT VARIABLE:MONOLINER_NR TYPE:NUMERIC LENGTH:8 LABEL:Monoliner-Nr. FORMAT: INFORMAT: */
/* JOBSPLIT: ATTR WORK.REPNEU_ZLMS_EXPORT.DATA INPUT VARIABLE:VERBUERGT_DURCH TYPE:NUMERIC LENGTH:8 LABEL:Verbuergt durch FORMAT: INFORMAT: */
/* JOBSPLIT: ATTR WORK.REPNEU_ZLMS_EXPORT.DATA INPUT VARIABLE:OBJEKT_LAND TYPE:CHARACTER LENGTH:3 LABEL:Objektland FORMAT: INFORMAT: */
/* JOBSPLIT: ATTR WORK.REPNEU_ZLMS_EXPORT.DATA INPUT VARIABLE:YWE_INTERN TYPE:CHARACTER LENGTH:1 LABEL:YWE intern FORMAT: INFORMAT: */
/* JOBSPLIT: ATTR WORK.REPNEU_ZLMS_EXPORT.DATA INPUT VARIABLE:EMISSION_DZ_BVR2MAP TYPE:CHARACTER LENGTH:4 LABEL:Emissions-Rating DZ-Skala FORMAT: INFORMAT: */
/* JOBSPLIT: ATTR WORK.REPNEU_ZLMS_EXPORT.DATA INPUT VARIABLE:BUBA_GVK_NR TYPE:CHARACTER LENGTH:25 LABEL:Buba-GVK-Nr FORMAT: INFORMAT: */
/* JOBSPLIT: ATTR WORK.REPNEU_ZLMS_EXPORT.DATA INPUT VARIABLE:PARTNERID_KREDITANALYST TYPE:NUMERIC LENGTH:8 LABEL:SAP-GP-Nr des Kreditanalysten FORMAT: INFORMAT: */
/* JOBSPLIT: ATTR WORK.REPNEU_ZLMS_EXPORT.DATA INPUT VARIABLE:NAME_KREDITANALYST TYPE:CHARACTER LENGTH:40 LABEL:Name des Kreditanalysten FORMAT: INFORMAT: */
/* JOBSPLIT: ATTR WORK.REPNEU_ZLMS_EXPORT.DATA INPUT VARIABLE:SICHERUNGSWERT_DZ_BANK TYPE:NUMERIC LENGTH:8 LABEL:Sicherungswert DZ Bank FORMAT: INFORMAT: */
/* JOBSPLIT: ATTR WORK.REPNEU_ZLMS_EXPORT.DATA INPUT VARIABLE:START_ERM TYPE:CHARACTER LENGTH:10 LABEL:Datum der Erstaufnahme im ERM FORMAT: INFORMAT: */
/* JOBSPLIT: ATTR WORK.REPNEU_ZLMS_EXPORT.DATA INPUT VARIABLE:KDGVKNAME TYPE:CHARACTER LENGTH:163 LABEL:Name der GVK FORMAT: INFORMAT: */
/* JOBSPLIT: ATTR WORK.REPNEU_ZLMS_EXPORT.DATA INPUT VARIABLE:KDGVKSTRASSE TYPE:CHARACTER LENGTH:50 LABEL:Strasse der GVK FORMAT: INFORMAT: */
/* JOBSPLIT: ATTR WORK.REPNEU_ZLMS_EXPORT.DATA INPUT VARIABLE:KDGVKPLZ TYPE:CHARACTER LENGTH:10 LABEL:Postleitzahl der GVK FORMAT: INFORMAT: */
/* JOBSPLIT: ATTR WORK.REPNEU_ZLMS_EXPORT.DATA INPUT VARIABLE:ECHTE_KDGVKNR TYPE:CHARACTER LENGTH:25 LABEL:GVK-Nummer des Tochterunternehmens FORMAT: INFORMAT: */
/* JOBSPLIT: ATTR WORK.REPNEU_ZLMS_EXPORT.DATA INPUT VARIABLE:WZ_SCHLUESSEL TYPE:CHARACTER LENGTH:3 LABEL:WZ-Schlüssel FORMAT: INFORMAT: */
/* JOBSPLIT: ATTR WORK.REPNEU_ZLMS_EXPORT.DATA INPUT VARIABLE:BRANCHE_LANG TYPE:CHARACTER LENGTH:163 LABEL:Branche lang FORMAT: INFORMAT: */
/* JOBSPLIT: ATTR WORK.REPNEU_ZLMS_EXPORT.DATA INPUT VARIABLE:BRANCHE_LANG_ORIGINAL TYPE:CHARACTER LENGTH:163 LABEL:Branche lang original FORMAT: INFORMAT: */
/* JOBSPLIT: ATTR WORK.REPNEU_ZLMS_EXPORT.DATA INPUT VARIABLE:EWB_VORL TYPE:NUMERIC LENGTH:8 LABEL:vorlaeufige EWB FORMAT: INFORMAT: */
/* JOBSPLIT: ATTR WORK.REPNEU_ZLMS_EXPORT.DATA INPUT VARIABLE:EWB_VORL_YESNO TYPE:CHARACTER LENGTH:1 LABEL:Flag Gebuchte ERV FORMAT: INFORMAT: */
/* JOBSPLIT: ATTR WORK.REPNEU_ZLMS_EXPORT.DATA INPUT VARIABLE:BUERGSCHAFTSART_BCA TYPE:NUMERIC LENGTH:8 LABEL:Bürgschaftsart BCA FORMAT: INFORMAT: */
/* JOBSPLIT: ATTR WORK.REPNEU_ZLMS_EXPORT.DATA INPUT VARIABLE:PORTFOLIO TYPE:CHARACTER LENGTH:4 LABEL:Portfolio FORMAT: INFORMAT: */
/* JOBSPLIT: ATTR WORK.REPNEU_ZLMS_EXPORT.DATA INPUT VARIABLE:SystemId TYPE:CHARACTER LENGTH:3 LABEL:System FORMAT:$3. INFORMAT: */
/* JOBSPLIT: ATTR WORK.REPNEU_ZLMS_EXPORT.DATA INPUT VARIABLE:DT_Steindat TYPE:NUMERIC LENGTH:8 LABEL:Eingangsdatum DWH FORMAT:EURDFDD10. INFORMAT: */
/* JOBSPLIT: ATTR WORK.REPNEU_ZLMS_EXPORT.DATA INPUT VARIABLE:RATING_DAT TYPE:NUMERIC LENGTH:8 LABEL:Ratingdatum FORMAT:EURDFDD10. INFORMAT: */
/* JOBSPLIT: ATTR WORK.REPNEU_ZLMS_EXPORT.DATA INPUT VARIABLE:DADATZUS TYPE:NUMERIC LENGTH:8 LABEL:Zusagedatum FORMAT:EURDFDD10. INFORMAT: */
/* JOBSPLIT: ATTR DWH139.REPNEU_ZLMS_EXPORT.DATA OUTPUT VARIABLE:QPARTNR TYPE:CHARACTER LENGTH:10 LABEL: FORMAT: INFORMAT: */
/* JOBSPLIT: ATTR DWH139.REPNEU_ZLMS_EXPORT.DATA OUTPUT VARIABLE:BONIINST TYPE:NUMERIC LENGTH:8 LABEL:Ratingherkunft FORMAT: INFORMAT: */
/* JOBSPLIT: ATTR DWH139.REPNEU_ZLMS_EXPORT.DATA OUTPUT VARIABLE:BRANCHE TYPE:CHARACTER LENGTH:5 LABEL:Risikobranche FORMAT: INFORMAT: */
/* JOBSPLIT: ATTR DWH139.REPNEU_ZLMS_EXPORT.DATA OUTPUT VARIABLE:BRUTTO TYPE:NUMERIC LENGTH:8 LABEL:Brutto FORMAT: INFORMAT: */
/* JOBSPLIT: ATTR DWH139.REPNEU_ZLMS_EXPORT.DATA OUTPUT VARIABLE:BVR2MAP TYPE:CHARACTER LENGTH:4 LABEL:Rating FORMAT: INFORMAT: */
/* JOBSPLIT: ATTR DWH139.REPNEU_ZLMS_EXPORT.DATA OUTPUT VARIABLE:CVAR3 TYPE:NUMERIC LENGTH:8 LABEL:CVar 3 FORMAT: INFORMAT: */
/* JOBSPLIT: ATTR DWH139.REPNEU_ZLMS_EXPORT.DATA OUTPUT VARIABLE:DATECH TYPE:CHARACTER LENGTH:40 LABEL:Darlehnsschlüssel/Aktenzeichen FORMAT: INFORMAT: */
/* JOBSPLIT: ATTR DWH139.REPNEU_ZLMS_EXPORT.DATA OUTPUT VARIABLE:DECKUNGS_KZ TYPE:CHARACTER LENGTH:1 LABEL:Deckungskennzeichen FORMAT: INFORMAT: */
/* JOBSPLIT: ATTR DWH139.REPNEU_ZLMS_EXPORT.DATA OUTPUT VARIABLE:DEPOT TYPE:CHARACTER LENGTH:20 LABEL:Depot FORMAT: INFORMAT: */
/* JOBSPLIT: ATTR DWH139.REPNEU_ZLMS_EXPORT.DATA OUTPUT VARIABLE:DZBRANCHECLUSTER TYPE:NUMERIC LENGTH:8 LABEL:Branchen-Cluster gemäß DZ Bank FORMAT: INFORMAT: */
/* JOBSPLIT: ATTR DWH139.REPNEU_ZLMS_EXPORT.DATA OUTPUT VARIABLE:DZBRANCHE_OBERGRUPPE TYPE:CHARACTER LENGTH:50 LABEL:Branchen-Obergruppe gemäß DZ Bank FORMAT: INFORMAT: */
/* JOBSPLIT: ATTR DWH139.REPNEU_ZLMS_EXPORT.DATA OUTPUT VARIABLE:EL TYPE:NUMERIC LENGTH:8 LABEL:Expected Loss FORMAT: INFORMAT: */
/* JOBSPLIT: ATTR DWH139.REPNEU_ZLMS_EXPORT.DATA OUTPUT VARIABLE:EWB_AKTUELL TYPE:NUMERIC LENGTH:8 LABEL:aktuelle EWB FORMAT: INFORMAT: */
/* JOBSPLIT: ATTR DWH139.REPNEU_ZLMS_EXPORT.DATA OUTPUT VARIABLE:GESCHAEFTSBEREICH TYPE:CHARACTER LENGTH:1 LABEL:Geschäftsbereich FORMAT: INFORMAT: */
/* JOBSPLIT: ATTR DWH139.REPNEU_ZLMS_EXPORT.DATA OUTPUT VARIABLE:ISANGEKMBS TYPE:CHARACTER LENGTH:10 LABEL:Kennzeichen MBS FORMAT: INFORMAT: */
/* JOBSPLIT: ATTR DWH139.REPNEU_ZLMS_EXPORT.DATA OUTPUT VARIABLE:ISDZKONSOLID TYPE:CHARACTER LENGTH:1 LABEL:Kennzeichen DZ-konsolidiert FORMAT: INFORMAT: */
/* JOBSPLIT: ATTR DWH139.REPNEU_ZLMS_EXPORT.DATA OUTPUT VARIABLE:ISWP TYPE:CHARACTER LENGTH:1 LABEL:Kennzeichen Wertpapier FORMAT: INFORMAT: */
/* JOBSPLIT: ATTR DWH139.REPNEU_ZLMS_EXPORT.DATA OUTPUT VARIABLE:KDNR TYPE:CHARACTER LENGTH:25 LABEL:Kundennummer FORMAT: INFORMAT: */
/* JOBSPLIT: ATTR DWH139.REPNEU_ZLMS_EXPORT.DATA OUTPUT VARIABLE:GVK_VOLUMEN_DZ_BANK TYPE:NUMERIC LENGTH:8 LABEL:GVK Volumen DZ Bank FORMAT: INFORMAT: */
/* JOBSPLIT: ATTR DWH139.REPNEU_ZLMS_EXPORT.DATA OUTPUT VARIABLE:KUKLA TYPE:NUMERIC LENGTH:8 LABEL:Kundenklassse Basel II FORMAT: INFORMAT: */
/* JOBSPLIT: ATTR DWH139.REPNEU_ZLMS_EXPORT.DATA OUTPUT VARIABLE:KUNDE_LAND TYPE:CHARACTER LENGTH:3 LABEL:Land des Kunden FORMAT: INFORMAT: */
/* JOBSPLIT: ATTR DWH139.REPNEU_ZLMS_EXPORT.DATA OUTPUT VARIABLE:NAME TYPE:CHARACTER LENGTH:163 LABEL:Name des Kunden FORMAT: INFORMAT: */
/* JOBSPLIT: ATTR DWH139.REPNEU_ZLMS_EXPORT.DATA OUTPUT VARIABLE:NETTO TYPE:NUMERIC LENGTH:8 LABEL:Netto FORMAT: INFORMAT: */
/* JOBSPLIT: ATTR DWH139.REPNEU_ZLMS_EXPORT.DATA OUTPUT VARIABLE:RESTLAUFZEIT TYPE:NUMERIC LENGTH:8 LABEL:Restlaufzeit in Monaten FORMAT: INFORMAT: */
/* JOBSPLIT: ATTR DWH139.REPNEU_ZLMS_EXPORT.DATA OUTPUT VARIABLE:VOLUMEN_DZ_BANK TYPE:NUMERIC LENGTH:8 LABEL:Volumen bei der DZ Bank FORMAT: INFORMAT: */
/* JOBSPLIT: ATTR DWH139.REPNEU_ZLMS_EXPORT.DATA OUTPUT VARIABLE:WP_ART TYPE:CHARACTER LENGTH:15 LABEL:Wertpapierart FORMAT: INFORMAT: */
/* JOBSPLIT: ATTR DWH139.REPNEU_ZLMS_EXPORT.DATA OUTPUT VARIABLE:YWE TYPE:CHARACTER LENGTH:1 LABEL:YWE FORMAT: INFORMAT: */
/* JOBSPLIT: ATTR DWH139.REPNEU_ZLMS_EXPORT.DATA OUTPUT VARIABLE:INANSPRUCHNAHME TYPE:NUMERIC LENGTH:8 LABEL:Inanspruchnahme FORMAT: INFORMAT: */
/* JOBSPLIT: ATTR DWH139.REPNEU_ZLMS_EXPORT.DATA OUTPUT VARIABLE:RECHTSFORM TYPE:NUMERIC LENGTH:8 LABEL:Rechtsform FORMAT: INFORMAT: */
/* JOBSPLIT: ATTR DWH139.REPNEU_ZLMS_EXPORT.DATA OUTPUT VARIABLE:SCHLECHTKLASSE TYPE:NUMERIC LENGTH:8 LABEL:Schlechtklasse FORMAT: INFORMAT: */
/* JOBSPLIT: ATTR DWH139.REPNEU_ZLMS_EXPORT.DATA OUTPUT VARIABLE:KREWTBER TYPE:NUMERIC LENGTH:8 LABEL:Einzelwertberichtigung FORMAT: INFORMAT: */
/* JOBSPLIT: ATTR DWH139.REPNEU_ZLMS_EXPORT.DATA OUTPUT VARIABLE:DZ_BVR2MAP TYPE:CHARACTER LENGTH:4 LABEL:Rating DZ-Skala FORMAT: INFORMAT: */
/* JOBSPLIT: ATTR DWH139.REPNEU_ZLMS_EXPORT.DATA OUTPUT VARIABLE:BNOTE TYPE:CHARACTER LENGTH:4 LABEL:Rating-Segment FORMAT: INFORMAT: */
/* JOBSPLIT: ATTR DWH139.REPNEU_ZLMS_EXPORT.DATA OUTPUT VARIABLE:KDGVKNR TYPE:NUMERIC LENGTH:8 LABEL:GVK Nummer FORMAT: INFORMAT: */
/* JOBSPLIT: ATTR DWH139.REPNEU_ZLMS_EXPORT.DATA OUTPUT VARIABLE:MAK_LAND TYPE:CHARACTER LENGTH:3 LABEL:MAK-Land FORMAT: INFORMAT: */
/* JOBSPLIT: ATTR DWH139.REPNEU_ZLMS_EXPORT.DATA OUTPUT VARIABLE:BRANCHE_ORIGINAL TYPE:CHARACTER LENGTH:5 LABEL:Originalbranche FORMAT: INFORMAT: */
/* JOBSPLIT: ATTR DWH139.REPNEU_ZLMS_EXPORT.DATA OUTPUT VARIABLE:KUNDE_LAND_DZ TYPE:CHARACTER LENGTH:3 LABEL:Kunde_Land_DZ FORMAT: INFORMAT: */
/* JOBSPLIT: ATTR DWH139.REPNEU_ZLMS_EXPORT.DATA OUTPUT VARIABLE:GESAMTENGAGEMENT TYPE:NUMERIC LENGTH:8 LABEL:Gesamtengagement FORMAT: INFORMAT: */
/* JOBSPLIT: ATTR DWH139.REPNEU_ZLMS_EXPORT.DATA OUTPUT VARIABLE:INANSPRUCHNAHME_DZ_BANK TYPE:NUMERIC LENGTH:8 LABEL:Inanspruchnahme DZ Bank FORMAT: INFORMAT: */
/* JOBSPLIT: ATTR DWH139.REPNEU_ZLMS_EXPORT.DATA OUTPUT VARIABLE:LIMIT_EXT TYPE:NUMERIC LENGTH:8 LABEL:Limit Extern FORMAT: INFORMAT: */
/* JOBSPLIT: ATTR DWH139.REPNEU_ZLMS_EXPORT.DATA OUTPUT VARIABLE:LIMIT_INT TYPE:NUMERIC LENGTH:8 LABEL:Limit_Intern FORMAT: INFORMAT: */
/* JOBSPLIT: ATTR DWH139.REPNEU_ZLMS_EXPORT.DATA OUTPUT VARIABLE:SICHERHEITWERT2 TYPE:NUMERIC LENGTH:8 LABEL:Sicherheitwert 2 FORMAT: INFORMAT: */
/* JOBSPLIT: ATTR DWH139.REPNEU_ZLMS_EXPORT.DATA OUTPUT VARIABLE:MONOLINER_NR TYPE:NUMERIC LENGTH:8 LABEL:Monoliner-Nr. FORMAT: INFORMAT: */
/* JOBSPLIT: ATTR DWH139.REPNEU_ZLMS_EXPORT.DATA OUTPUT VARIABLE:VERBUERGT_DURCH TYPE:NUMERIC LENGTH:8 LABEL:Verbuergt durch FORMAT: INFORMAT: */
/* JOBSPLIT: ATTR DWH139.REPNEU_ZLMS_EXPORT.DATA OUTPUT VARIABLE:OBJEKT_LAND TYPE:CHARACTER LENGTH:3 LABEL:Objektland FORMAT: INFORMAT: */
/* JOBSPLIT: ATTR DWH139.REPNEU_ZLMS_EXPORT.DATA OUTPUT VARIABLE:YWE_INTERN TYPE:CHARACTER LENGTH:1 LABEL:YWE intern FORMAT: INFORMAT: */
/* JOBSPLIT: ATTR DWH139.REPNEU_ZLMS_EXPORT.DATA OUTPUT VARIABLE:EMISSION_DZ_BVR2MAP TYPE:CHARACTER LENGTH:4 LABEL:Emissions-Rating DZ-Skala FORMAT: INFORMAT: */
/* JOBSPLIT: ATTR DWH139.REPNEU_ZLMS_EXPORT.DATA OUTPUT VARIABLE:BUBA_GVK_NR TYPE:CHARACTER LENGTH:25 LABEL:Buba-GVK-Nr FORMAT: INFORMAT: */
/* JOBSPLIT: ATTR DWH139.REPNEU_ZLMS_EXPORT.DATA OUTPUT VARIABLE:PARTNERID_KREDITANALYST TYPE:NUMERIC LENGTH:8 LABEL:SAP-GP-Nr des Kreditanalysten FORMAT: INFORMAT: */
/* JOBSPLIT: ATTR DWH139.REPNEU_ZLMS_EXPORT.DATA OUTPUT VARIABLE:NAME_KREDITANALYST TYPE:CHARACTER LENGTH:40 LABEL:Name des Kreditanalysten FORMAT: INFORMAT: */
/* JOBSPLIT: ATTR DWH139.REPNEU_ZLMS_EXPORT.DATA OUTPUT VARIABLE:SICHERUNGSWERT_DZ_BANK TYPE:NUMERIC LENGTH:8 LABEL:Sicherungswert DZ Bank FORMAT: INFORMAT: */
/* JOBSPLIT: ATTR DWH139.REPNEU_ZLMS_EXPORT.DATA OUTPUT VARIABLE:START_ERM TYPE:CHARACTER LENGTH:10 LABEL:Datum der Erstaufnahme im ERM FORMAT: INFORMAT: */
/* JOBSPLIT: ATTR DWH139.REPNEU_ZLMS_EXPORT.DATA OUTPUT VARIABLE:KDGVKNAME TYPE:CHARACTER LENGTH:163 LABEL:Name der GVK FORMAT: INFORMAT: */
/* JOBSPLIT: ATTR DWH139.REPNEU_ZLMS_EXPORT.DATA OUTPUT VARIABLE:KDGVKSTRASSE TYPE:CHARACTER LENGTH:50 LABEL:Strasse der GVK FORMAT: INFORMAT: */
/* JOBSPLIT: ATTR DWH139.REPNEU_ZLMS_EXPORT.DATA OUTPUT VARIABLE:KDGVKPLZ TYPE:CHARACTER LENGTH:10 LABEL:Postleitzahl der GVK FORMAT: INFORMAT: */
/* JOBSPLIT: ATTR DWH139.REPNEU_ZLMS_EXPORT.DATA OUTPUT VARIABLE:ECHTE_KDGVKNR TYPE:CHARACTER LENGTH:25 LABEL:GVK-Nummer des Tochterunternehmens FORMAT: INFORMAT: */
/* JOBSPLIT: ATTR DWH139.REPNEU_ZLMS_EXPORT.DATA OUTPUT VARIABLE:WZ_SCHLUESSEL TYPE:CHARACTER LENGTH:3 LABEL:WZ-Schlüssel FORMAT: INFORMAT: */
/* JOBSPLIT: ATTR DWH139.REPNEU_ZLMS_EXPORT.DATA OUTPUT VARIABLE:BRANCHE_LANG TYPE:CHARACTER LENGTH:163 LABEL:Branche lang FORMAT: INFORMAT: */
/* JOBSPLIT: ATTR DWH139.REPNEU_ZLMS_EXPORT.DATA OUTPUT VARIABLE:BRANCHE_LANG_ORIGINAL TYPE:CHARACTER LENGTH:163 LABEL:Branche lang original FORMAT: INFORMAT: */
/* JOBSPLIT: ATTR DWH139.REPNEU_ZLMS_EXPORT.DATA OUTPUT VARIABLE:EWB_VORL TYPE:NUMERIC LENGTH:8 LABEL:vorlaeufige EWB FORMAT: INFORMAT: */
/* JOBSPLIT: ATTR DWH139.REPNEU_ZLMS_EXPORT.DATA OUTPUT VARIABLE:EWB_VORL_YESNO TYPE:CHARACTER LENGTH:1 LABEL:Flag Gebuchte ERV FORMAT: INFORMAT: */
/* JOBSPLIT: ATTR DWH139.REPNEU_ZLMS_EXPORT.DATA OUTPUT VARIABLE:BUERGSCHAFTSART_BCA TYPE:NUMERIC LENGTH:8 LABEL:Bürgschaftsart BCA FORMAT: INFORMAT: */
/* JOBSPLIT: ATTR DWH139.REPNEU_ZLMS_EXPORT.DATA OUTPUT VARIABLE:PORTFOLIO TYPE:CHARACTER LENGTH:4 LABEL:Portfolio FORMAT: INFORMAT: */
/* JOBSPLIT: ATTR DWH139.REPNEU_ZLMS_EXPORT.DATA OUTPUT VARIABLE:SystemId TYPE:CHARACTER LENGTH:3 LABEL:System FORMAT:$3. INFORMAT: */
/* JOBSPLIT: ATTR DWH139.REPNEU_ZLMS_EXPORT.DATA OUTPUT VARIABLE:DT_Steindat TYPE:NUMERIC LENGTH:8 LABEL:Eingangsdatum DWH FORMAT:EURDFDD10. INFORMAT: */
/* JOBSPLIT: ATTR DWH139.REPNEU_ZLMS_EXPORT.DATA OUTPUT VARIABLE:RATING_DAT TYPE:NUMERIC LENGTH:8 LABEL:Ratingdatum FORMAT:EURDFDD10. INFORMAT: */
/* JOBSPLIT: ATTR DWH139.REPNEU_ZLMS_EXPORT.DATA OUTPUT VARIABLE:DADATZUS TYPE:NUMERIC LENGTH:8 LABEL:Zusagedatum FORMAT:EURDFDD10. INFORMAT: */
/* JOBSPLIT: SYMBOL GET SYSSORTDETAILS */
/* JOBSPLIT: SYMBOL GET SYSSORTTRACELEVEL */
/* JOBSPLIT: SYMBOL GET SYSSORTTRACE */
/* JOBSPLIT: SYMBOL GET SYSSORTNOSPILL */
/* JOBSPLIT: ELAPSED 672  */
/* JOBSPLIT: PROCNAME SORT */
/* JOBSPLIT: STEP SOURCE FOLLOWS */


/* JOBSPLIT: TASKSTARTTIME 27JAN2025:09:36:46.82 */
/* JOBSPLIT: CATALOG INPUT WORK.SASMACR.MYATTRIB_STEUER_REL_ADRESSEN.MACRO */
/* JOBSPLIT: LIBNAME WORK V9 'E:\temp\SAS Temporary Files\_TD4208_DG115E12_' */
/* JOBSPLIT: DATASET OUTPUT SEQ WORK.STEUER_REL_ADRESSEN.DATA */
/* JOBSPLIT: LIBNAME WORK V9 'E:\temp\SAS Temporary Files\_TD4208_DG115E12_' */
/* JOBSPLIT: FILE INPUT E:\TS\Parallel_prod_Frank\ZLMS\input\ZLMS_Steuerungsrelevante_Adressen.csv */
/* JOBSPLIT: ATTR WORK.STEUER_REL_ADRESSEN.DATA OUTPUT VARIABLE:GvK_Nr_CHAR TYPE:CHARACTER LENGTH:10 LABEL:GvK Nr CHAR FORMAT:$10. INFORMAT: */
/* JOBSPLIT: ATTR WORK.STEUER_REL_ADRESSEN.DATA OUTPUT VARIABLE:GvK_Name TYPE:CHARACTER LENGTH:60 LABEL:GvK Name FORMAT:$60. INFORMAT: */
/* JOBSPLIT: ATTR WORK.STEUER_REL_ADRESSEN.DATA OUTPUT VARIABLE:GvK_BuBa_ID_CHAR TYPE:CHARACTER LENGTH:10 LABEL:GvK Buba ID CHAR FORMAT:$10. INFORMAT: */
/* JOBSPLIT: ATTR WORK.STEUER_REL_ADRESSEN.DATA OUTPUT VARIABLE:GP_Nr_CHAR TYPE:CHARACTER LENGTH:10 LABEL:GP Nr CHAR FORMAT:$10. INFORMAT: */
/* JOBSPLIT: ATTR WORK.STEUER_REL_ADRESSEN.DATA OUTPUT VARIABLE:GP_Name TYPE:CHARACTER LENGTH:60 LABEL:GP Name FORMAT:$60. INFORMAT: */
/* JOBSPLIT: ATTR WORK.STEUER_REL_ADRESSEN.DATA OUTPUT VARIABLE:GP_BuBa_ID_CHAR TYPE:CHARACTER LENGTH:10 LABEL:GP Buba ID CHAR FORMAT:$10. INFORMAT: */
/* JOBSPLIT: ATTR WORK.STEUER_REL_ADRESSEN.DATA OUTPUT VARIABLE:Interne_ID_CHAR TYPE:CHARACTER LENGTH:60 LABEL:Interne ID CHAR FORMAT:$60. INFORMAT: */
/* JOBSPLIT: ATTR WORK.STEUER_REL_ADRESSEN.DATA OUTPUT VARIABLE:Counter TYPE:NUMERIC LENGTH:8 LABEL: FORMAT: INFORMAT: */
/* JOBSPLIT: ELAPSED 15  */
/* JOBSPLIT: PROCNAME DATASTEP */
/* JOBSPLIT: STEP SOURCE FOLLOWS */


/* JOBSPLIT: TASKSTARTTIME 27JAN2025:09:36:46.84 */
/* JOBSPLIT: DATASET INPUT SEQ WORK.STEUER_REL_ADRESSEN.DATA */
/* JOBSPLIT: LIBNAME WORK V9 'E:\temp\SAS Temporary Files\_TD4208_DG115E12_' */
/* JOBSPLIT: OPENTIME WORK.STEUER_REL_ADRESSEN.DATA DATE:27JAN2025:09:36:46.84 PHYS:E:\temp\SAS Temporary Files\_TD4208_DG115E12_\steuer_rel_adressen.sas7bdat SIZE:131072 */
/* JOBSPLIT: DATASET OUTPUT SEQ DWH139.STEUER_REL_ADRESSEN.DATA */
/* JOBSPLIT: LIBNAME DWH139 "E:\TS\Parallel_prod_Frank\ZLMS\data\ZLM\ZLM001" */
/* JOBSPLIT: CATALOG OUTPUT WORK.SASMACR.LIMITEFELDER.MACRO */
/* JOBSPLIT: LIBNAME WORK V9 'E:\temp\SAS Temporary Files\_TD4208_DG115E12_' */
/* JOBSPLIT: CATALOG INPUT WORK.SASMACR.LIMITEFELDER.MACRO */
/* JOBSPLIT: LIBNAME WORK V9 'E:\temp\SAS Temporary Files\_TD4208_DG115E12_' */
/* JOBSPLIT: CATALOG OUTPUT WORK.SASMACR.SYSTEMP.MACRO */
/* JOBSPLIT: LIBNAME WORK V9 'E:\temp\SAS Temporary Files\_TD4208_DG115E12_' */
/* JOBSPLIT: CATALOG UPDATE WORK.SASMACR.SYSTEMP.MACRO */
/* JOBSPLIT: LIBNAME WORK V9 'E:\temp\SAS Temporary Files\_TD4208_DG115E12_' */
/* JOBSPLIT: ATTR WORK.STEUER_REL_ADRESSEN.DATA INPUT VARIABLE:GvK_Nr_CHAR TYPE:CHARACTER LENGTH:10 LABEL:GvK Nr CHAR FORMAT:$10. INFORMAT: */
/* JOBSPLIT: ATTR WORK.STEUER_REL_ADRESSEN.DATA INPUT VARIABLE:GvK_Name TYPE:CHARACTER LENGTH:60 LABEL:GvK Name FORMAT:$60. INFORMAT: */
/* JOBSPLIT: ATTR WORK.STEUER_REL_ADRESSEN.DATA INPUT VARIABLE:GvK_BuBa_ID_CHAR TYPE:CHARACTER LENGTH:10 LABEL:GvK Buba ID CHAR FORMAT:$10. INFORMAT: */
/* JOBSPLIT: ATTR WORK.STEUER_REL_ADRESSEN.DATA INPUT VARIABLE:GP_Nr_CHAR TYPE:CHARACTER LENGTH:10 LABEL:GP Nr CHAR FORMAT:$10. INFORMAT: */
/* JOBSPLIT: ATTR WORK.STEUER_REL_ADRESSEN.DATA INPUT VARIABLE:GP_Name TYPE:CHARACTER LENGTH:60 LABEL:GP Name FORMAT:$60. INFORMAT: */
/* JOBSPLIT: ATTR WORK.STEUER_REL_ADRESSEN.DATA INPUT VARIABLE:GP_BuBa_ID_CHAR TYPE:CHARACTER LENGTH:10 LABEL:GP Buba ID CHAR FORMAT:$10. INFORMAT: */
/* JOBSPLIT: ATTR WORK.STEUER_REL_ADRESSEN.DATA INPUT VARIABLE:Interne_ID_CHAR TYPE:CHARACTER LENGTH:60 LABEL:Interne ID CHAR FORMAT:$60. INFORMAT: */
/* JOBSPLIT: ATTR WORK.STEUER_REL_ADRESSEN.DATA INPUT VARIABLE:Counter TYPE:NUMERIC LENGTH:8 LABEL: FORMAT: INFORMAT: */
/* JOBSPLIT: ATTR DWH139.STEUER_REL_ADRESSEN.DATA OUTPUT VARIABLE:GvK_Nr_CHAR TYPE:CHARACTER LENGTH:10 LABEL:GvK Nr CHAR FORMAT:$10. INFORMAT: */
/* JOBSPLIT: ATTR DWH139.STEUER_REL_ADRESSEN.DATA OUTPUT VARIABLE:GvK_Name TYPE:CHARACTER LENGTH:60 LABEL:GvK Name FORMAT:$60. INFORMAT: */
/* JOBSPLIT: ATTR DWH139.STEUER_REL_ADRESSEN.DATA OUTPUT VARIABLE:GvK_BuBa_ID_CHAR TYPE:CHARACTER LENGTH:10 LABEL:GvK Buba ID CHAR FORMAT:$10. INFORMAT: */
/* JOBSPLIT: ATTR DWH139.STEUER_REL_ADRESSEN.DATA OUTPUT VARIABLE:GP_Nr_CHAR TYPE:CHARACTER LENGTH:10 LABEL:GP Nr CHAR FORMAT:$10. INFORMAT: */
/* JOBSPLIT: ATTR DWH139.STEUER_REL_ADRESSEN.DATA OUTPUT VARIABLE:GP_Name TYPE:CHARACTER LENGTH:60 LABEL:GP Name FORMAT:$60. INFORMAT: */
/* JOBSPLIT: ATTR DWH139.STEUER_REL_ADRESSEN.DATA OUTPUT VARIABLE:GP_BuBa_ID_CHAR TYPE:CHARACTER LENGTH:10 LABEL:GP Buba ID CHAR FORMAT:$10. INFORMAT: */
/* JOBSPLIT: ATTR DWH139.STEUER_REL_ADRESSEN.DATA OUTPUT VARIABLE:Interne_ID_CHAR TYPE:CHARACTER LENGTH:60 LABEL:Interne ID CHAR FORMAT:$60. INFORMAT: */
/* JOBSPLIT: ATTR DWH139.STEUER_REL_ADRESSEN.DATA OUTPUT VARIABLE:Counter TYPE:NUMERIC LENGTH:8 LABEL: FORMAT: INFORMAT: */
/* JOBSPLIT: SYMBOL GET SYSSORTDETAILS */
/* JOBSPLIT: SYMBOL GET SYSSORTTRACELEVEL */
/* JOBSPLIT: SYMBOL GET SYSSORTTRACE */
/* JOBSPLIT: ELAPSED 15  */
/* JOBSPLIT: PROCNAME SORT */
/* JOBSPLIT: STEP SOURCE FOLLOWS */


/* JOBSPLIT: TASKSTARTTIME 27JAN2025:09:36:46.85 */
/* JOBSPLIT: CATALOG INPUT WORK.SASMACR.LIMITEFELDER.MACRO */
/* JOBSPLIT: LIBNAME WORK V9 'E:\temp\SAS Temporary Files\_TD4208_DG115E12_' */
/* JOBSPLIT: DATASET OUTPUT SEQ WORK.ZDH_LIMITE.DATA */
/* JOBSPLIT: LIBNAME WORK V9 'E:\temp\SAS Temporary Files\_TD4208_DG115E12_' */
/* JOBSPLIT: FILE INPUT E:\TS\Parallel_prod_Frank\ZLMS\input\ZDH2ZLMS_LIMITE.TXT */
/* JOBSPLIT: ATTR WORK.ZDH_LIMITE.DATA OUTPUT VARIABLE:PARTNERNR TYPE:CHARACTER LENGTH:10 LABEL:Partnernr FORMAT: INFORMAT: */
/* JOBSPLIT: ATTR WORK.ZDH_LIMITE.DATA OUTPUT VARIABLE:BEZEICHNUNG TYPE:CHARACTER LENGTH:80 LABEL:Bezeichnung FORMAT: INFORMAT: */
/* JOBSPLIT: ATTR WORK.ZDH_LIMITE.DATA OUTPUT VARIABLE:RECHTSFORM TYPE:CHARACTER LENGTH:2 LABEL:Rechtsform FORMAT: INFORMAT: */
/* JOBSPLIT: ATTR WORK.ZDH_LIMITE.DATA OUTPUT VARIABLE:LIMITSPERRE TYPE:CHARACTER LENGTH:1 LABEL:Limitsperre FORMAT: INFORMAT: */
/* JOBSPLIT: ATTR WORK.ZDH_LIMITE.DATA OUTPUT VARIABLE:LIMITTEXT TYPE:CHARACTER LENGTH:40 LABEL:Limittext FORMAT: INFORMAT: */
/* JOBSPLIT: ATTR WORK.ZDH_LIMITE.DATA OUTPUT VARIABLE:LM_GESAMT TYPE:CHARACTER LENGTH:20 LABEL:Limit Gesamt FORMAT: INFORMAT: */
/* JOBSPLIT: ATTR WORK.ZDH_LIMITE.DATA OUTPUT VARIABLE:IA_GESAMT TYPE:CHARACTER LENGTH:20 LABEL:IA Gesamt FORMAT: INFORMAT: */
/* JOBSPLIT: ATTR WORK.ZDH_LIMITE.DATA OUTPUT VARIABLE:LM_KR_INTERN TYPE:CHARACTER LENGTH:20 LABEL:Limit KR intern FORMAT: INFORMAT: */
/* JOBSPLIT: ATTR WORK.ZDH_LIMITE.DATA OUTPUT VARIABLE:IA_KR_INTERN TYPE:CHARACTER LENGTH:20 LABEL:IA KR intern FORMAT: INFORMAT: */
/* JOBSPLIT: ATTR WORK.ZDH_LIMITE.DATA OUTPUT VARIABLE:LM_KR_EXTERN TYPE:CHARACTER LENGTH:20 LABEL:Limit KR extern FORMAT: INFORMAT: */
/* JOBSPLIT: ATTR WORK.ZDH_LIMITE.DATA OUTPUT VARIABLE:IA_KR_EXTERN TYPE:CHARACTER LENGTH:20 LABEL:IA KR extern FORMAT: INFORMAT: */
/* JOBSPLIT: ATTR WORK.ZDH_LIMITE.DATA OUTPUT VARIABLE:LM_EMR TYPE:CHARACTER LENGTH:20 LABEL:Limit EMR FORMAT: INFORMAT: */
/* JOBSPLIT: ATTR WORK.ZDH_LIMITE.DATA OUTPUT VARIABLE:IA_EMR TYPE:CHARACTER LENGTH:20 LABEL:IA EMR FORMAT: INFORMAT: */
/* JOBSPLIT: ATTR WORK.ZDH_LIMITE.DATA OUTPUT VARIABLE:LM_WER TYPE:CHARACTER LENGTH:20 LABEL:Limit WER FORMAT: INFORMAT: */
/* JOBSPLIT: ATTR WORK.ZDH_LIMITE.DATA OUTPUT VARIABLE:IA_WER TYPE:CHARACTER LENGTH:20 LABEL:IA WER FORMAT: INFORMAT: */
/* JOBSPLIT: ATTR WORK.ZDH_LIMITE.DATA OUTPUT VARIABLE:LM_KR_WER TYPE:CHARACTER LENGTH:20 LABEL:Limit-KR-WER FORMAT: INFORMAT: */
/* JOBSPLIT: ATTR WORK.ZDH_LIMITE.DATA OUTPUT VARIABLE:IA_KR_WER TYPE:CHARACTER LENGTH:20 LABEL:IA-KR-WER FORMAT: INFORMAT: */
/* JOBSPLIT: ATTR WORK.ZDH_LIMITE.DATA OUTPUT VARIABLE:LM_WHRG TYPE:CHARACTER LENGTH:5 LABEL:Währung -Limitbetrag FORMAT: INFORMAT: */
/* JOBSPLIT: ATTR WORK.ZDH_LIMITE.DATA OUTPUT VARIABLE:IA_WHRG TYPE:CHARACTER LENGTH:5 LABEL:Währung -Limiti-IA FORMAT: INFORMAT: */
/* JOBSPLIT: ATTR WORK.ZDH_LIMITE.DATA OUTPUT VARIABLE:BRANCHE TYPE:CHARACTER LENGTH:10 LABEL:Branche FORMAT: INFORMAT: */
/* JOBSPLIT: ATTR WORK.ZDH_LIMITE.DATA OUTPUT VARIABLE:GVK_NR TYPE:CHARACTER LENGTH:10 LABEL:Gehört zur GK FORMAT: INFORMAT: */
/* JOBSPLIT: ELAPSED 46  */
/* JOBSPLIT: PROCNAME DATASTEP */
/* JOBSPLIT: STEP SOURCE FOLLOWS */


/* JOBSPLIT: TASKSTARTTIME 27JAN2025:09:36:46.90 */
/* JOBSPLIT: DATASET INPUT SEQ WORK.ZDH_LIMITE.DATA */
/* JOBSPLIT: LIBNAME WORK V9 'E:\temp\SAS Temporary Files\_TD4208_DG115E12_' */
/* JOBSPLIT: OPENTIME WORK.ZDH_LIMITE.DATA DATE:27JAN2025:09:36:46.90 PHYS:E:\temp\SAS Temporary Files\_TD4208_DG115E12_\zdh_limite.sas7bdat SIZE:1835008 */
/* JOBSPLIT: DATASET OUTPUT SEQ DWH139.ZDH_LIMITE.DATA */
/* JOBSPLIT: LIBNAME DWH139 "E:\TS\Parallel_prod_Frank\ZLMS\data\ZLM\ZLM001" */
/* JOBSPLIT: CATALOG INPUT WORK.SASMACR.FINISH.MACRO */
/* JOBSPLIT: LIBNAME WORK V9 'E:\temp\SAS Temporary Files\_TD4208_DG115E12_' */
/* JOBSPLIT: CATALOG INPUT WORK.SASMACR.IS_BATCH.MACRO */
/* JOBSPLIT: LIBNAME WORK V9 'E:\temp\SAS Temporary Files\_TD4208_DG115E12_' */
/* JOBSPLIT: CATALOG INPUT WORK.SASMACR.UNPREPARE_LOG.MACRO */
/* JOBSPLIT: LIBNAME WORK V9 'E:\temp\SAS Temporary Files\_TD4208_DG115E12_' */
/* JOBSPLIT: CATALOG INPUT WORK.SASMACR.IS_DM.MACRO */
/* JOBSPLIT: LIBNAME WORK V9 'E:\temp\SAS Temporary Files\_TD4208_DG115E12_' */
/* JOBSPLIT: ATTR WORK.ZDH_LIMITE.DATA INPUT VARIABLE:PARTNERNR TYPE:CHARACTER LENGTH:10 LABEL:Partnernr FORMAT: INFORMAT: */
/* JOBSPLIT: ATTR WORK.ZDH_LIMITE.DATA INPUT VARIABLE:BEZEICHNUNG TYPE:CHARACTER LENGTH:80 LABEL:Bezeichnung FORMAT: INFORMAT: */
/* JOBSPLIT: ATTR WORK.ZDH_LIMITE.DATA INPUT VARIABLE:RECHTSFORM TYPE:CHARACTER LENGTH:2 LABEL:Rechtsform FORMAT: INFORMAT: */
/* JOBSPLIT: ATTR WORK.ZDH_LIMITE.DATA INPUT VARIABLE:LIMITSPERRE TYPE:CHARACTER LENGTH:1 LABEL:Limitsperre FORMAT: INFORMAT: */
/* JOBSPLIT: ATTR WORK.ZDH_LIMITE.DATA INPUT VARIABLE:LIMITTEXT TYPE:CHARACTER LENGTH:40 LABEL:Limittext FORMAT: INFORMAT: */
/* JOBSPLIT: ATTR WORK.ZDH_LIMITE.DATA INPUT VARIABLE:LM_GESAMT TYPE:CHARACTER LENGTH:20 LABEL:Limit Gesamt FORMAT: INFORMAT: */
/* JOBSPLIT: ATTR WORK.ZDH_LIMITE.DATA INPUT VARIABLE:IA_GESAMT TYPE:CHARACTER LENGTH:20 LABEL:IA Gesamt FORMAT: INFORMAT: */
/* JOBSPLIT: ATTR WORK.ZDH_LIMITE.DATA INPUT VARIABLE:LM_KR_INTERN TYPE:CHARACTER LENGTH:20 LABEL:Limit KR intern FORMAT: INFORMAT: */
/* JOBSPLIT: ATTR WORK.ZDH_LIMITE.DATA INPUT VARIABLE:IA_KR_INTERN TYPE:CHARACTER LENGTH:20 LABEL:IA KR intern FORMAT: INFORMAT: */
/* JOBSPLIT: ATTR WORK.ZDH_LIMITE.DATA INPUT VARIABLE:LM_KR_EXTERN TYPE:CHARACTER LENGTH:20 LABEL:Limit KR extern FORMAT: INFORMAT: */
/* JOBSPLIT: ATTR WORK.ZDH_LIMITE.DATA INPUT VARIABLE:IA_KR_EXTERN TYPE:CHARACTER LENGTH:20 LABEL:IA KR extern FORMAT: INFORMAT: */
/* JOBSPLIT: ATTR WORK.ZDH_LIMITE.DATA INPUT VARIABLE:LM_EMR TYPE:CHARACTER LENGTH:20 LABEL:Limit EMR FORMAT: INFORMAT: */
/* JOBSPLIT: ATTR WORK.ZDH_LIMITE.DATA INPUT VARIABLE:IA_EMR TYPE:CHARACTER LENGTH:20 LABEL:IA EMR FORMAT: INFORMAT: */
/* JOBSPLIT: ATTR WORK.ZDH_LIMITE.DATA INPUT VARIABLE:LM_WER TYPE:CHARACTER LENGTH:20 LABEL:Limit WER FORMAT: INFORMAT: */
/* JOBSPLIT: ATTR WORK.ZDH_LIMITE.DATA INPUT VARIABLE:IA_WER TYPE:CHARACTER LENGTH:20 LABEL:IA WER FORMAT: INFORMAT: */
/* JOBSPLIT: ATTR WORK.ZDH_LIMITE.DATA INPUT VARIABLE:LM_KR_WER TYPE:CHARACTER LENGTH:20 LABEL:Limit-KR-WER FORMAT: INFORMAT: */
/* JOBSPLIT: ATTR WORK.ZDH_LIMITE.DATA INPUT VARIABLE:IA_KR_WER TYPE:CHARACTER LENGTH:20 LABEL:IA-KR-WER FORMAT: INFORMAT: */
/* JOBSPLIT: ATTR WORK.ZDH_LIMITE.DATA INPUT VARIABLE:LM_WHRG TYPE:CHARACTER LENGTH:5 LABEL:Währung -Limitbetrag FORMAT: INFORMAT: */
/* JOBSPLIT: ATTR WORK.ZDH_LIMITE.DATA INPUT VARIABLE:IA_WHRG TYPE:CHARACTER LENGTH:5 LABEL:Währung -Limiti-IA FORMAT: INFORMAT: */
/* JOBSPLIT: ATTR WORK.ZDH_LIMITE.DATA INPUT VARIABLE:BRANCHE TYPE:CHARACTER LENGTH:10 LABEL:Branche FORMAT: INFORMAT: */
/* JOBSPLIT: ATTR WORK.ZDH_LIMITE.DATA INPUT VARIABLE:GVK_NR TYPE:CHARACTER LENGTH:10 LABEL:Gehört zur GK FORMAT: INFORMAT: */
/* JOBSPLIT: ATTR DWH139.ZDH_LIMITE.DATA OUTPUT VARIABLE:PARTNERNR TYPE:CHARACTER LENGTH:10 LABEL:Partnernr FORMAT: INFORMAT: */
/* JOBSPLIT: ATTR DWH139.ZDH_LIMITE.DATA OUTPUT VARIABLE:BEZEICHNUNG TYPE:CHARACTER LENGTH:80 LABEL:Bezeichnung FORMAT: INFORMAT: */
/* JOBSPLIT: ATTR DWH139.ZDH_LIMITE.DATA OUTPUT VARIABLE:RECHTSFORM TYPE:CHARACTER LENGTH:2 LABEL:Rechtsform FORMAT: INFORMAT: */
/* JOBSPLIT: ATTR DWH139.ZDH_LIMITE.DATA OUTPUT VARIABLE:LIMITSPERRE TYPE:CHARACTER LENGTH:1 LABEL:Limitsperre FORMAT: INFORMAT: */
/* JOBSPLIT: ATTR DWH139.ZDH_LIMITE.DATA OUTPUT VARIABLE:LIMITTEXT TYPE:CHARACTER LENGTH:40 LABEL:Limittext FORMAT: INFORMAT: */
/* JOBSPLIT: ATTR DWH139.ZDH_LIMITE.DATA OUTPUT VARIABLE:LM_GESAMT TYPE:CHARACTER LENGTH:20 LABEL:Limit Gesamt FORMAT: INFORMAT: */
/* JOBSPLIT: ATTR DWH139.ZDH_LIMITE.DATA OUTPUT VARIABLE:IA_GESAMT TYPE:CHARACTER LENGTH:20 LABEL:IA Gesamt FORMAT: INFORMAT: */
/* JOBSPLIT: ATTR DWH139.ZDH_LIMITE.DATA OUTPUT VARIABLE:LM_KR_INTERN TYPE:CHARACTER LENGTH:20 LABEL:Limit KR intern FORMAT: INFORMAT: */
/* JOBSPLIT: ATTR DWH139.ZDH_LIMITE.DATA OUTPUT VARIABLE:IA_KR_INTERN TYPE:CHARACTER LENGTH:20 LABEL:IA KR intern FORMAT: INFORMAT: */
/* JOBSPLIT: ATTR DWH139.ZDH_LIMITE.DATA OUTPUT VARIABLE:LM_KR_EXTERN TYPE:CHARACTER LENGTH:20 LABEL:Limit KR extern FORMAT: INFORMAT: */
/* JOBSPLIT: ATTR DWH139.ZDH_LIMITE.DATA OUTPUT VARIABLE:IA_KR_EXTERN TYPE:CHARACTER LENGTH:20 LABEL:IA KR extern FORMAT: INFORMAT: */
/* JOBSPLIT: ATTR DWH139.ZDH_LIMITE.DATA OUTPUT VARIABLE:LM_EMR TYPE:CHARACTER LENGTH:20 LABEL:Limit EMR FORMAT: INFORMAT: */
/* JOBSPLIT: ATTR DWH139.ZDH_LIMITE.DATA OUTPUT VARIABLE:IA_EMR TYPE:CHARACTER LENGTH:20 LABEL:IA EMR FORMAT: INFORMAT: */
/* JOBSPLIT: ATTR DWH139.ZDH_LIMITE.DATA OUTPUT VARIABLE:LM_WER TYPE:CHARACTER LENGTH:20 LABEL:Limit WER FORMAT: INFORMAT: */
/* JOBSPLIT: ATTR DWH139.ZDH_LIMITE.DATA OUTPUT VARIABLE:IA_WER TYPE:CHARACTER LENGTH:20 LABEL:IA WER FORMAT: INFORMAT: */
/* JOBSPLIT: ATTR DWH139.ZDH_LIMITE.DATA OUTPUT VARIABLE:LM_KR_WER TYPE:CHARACTER LENGTH:20 LABEL:Limit-KR-WER FORMAT: INFORMAT: */
/* JOBSPLIT: ATTR DWH139.ZDH_LIMITE.DATA OUTPUT VARIABLE:IA_KR_WER TYPE:CHARACTER LENGTH:20 LABEL:IA-KR-WER FORMAT: INFORMAT: */
/* JOBSPLIT: ATTR DWH139.ZDH_LIMITE.DATA OUTPUT VARIABLE:LM_WHRG TYPE:CHARACTER LENGTH:5 LABEL:Währung -Limitbetrag FORMAT: INFORMAT: */
/* JOBSPLIT: ATTR DWH139.ZDH_LIMITE.DATA OUTPUT VARIABLE:IA_WHRG TYPE:CHARACTER LENGTH:5 LABEL:Währung -Limiti-IA FORMAT: INFORMAT: */
/* JOBSPLIT: ATTR DWH139.ZDH_LIMITE.DATA OUTPUT VARIABLE:BRANCHE TYPE:CHARACTER LENGTH:10 LABEL:Branche FORMAT: INFORMAT: */
/* JOBSPLIT: ATTR DWH139.ZDH_LIMITE.DATA OUTPUT VARIABLE:GVK_NR TYPE:CHARACTER LENGTH:10 LABEL:Gehört zur GK FORMAT: INFORMAT: */
/* JOBSPLIT: SYMBOL GET SYSSORTDETAILS */
/* JOBSPLIT: SYMBOL GET SYSSORTTRACELEVEL */
/* JOBSPLIT: SYMBOL GET SYSSORTTRACE */
/* JOBSPLIT: SYMBOL SET SCRIPTNAME */
/* JOBSPLIT: SYMBOL GET SUBJECT */
/* JOBSPLIT: SYMBOL SET SUBJECT */
/* JOBSPLIT: SYMBOL GET PROGRAM_NAME */
/* JOBSPLIT: SYMBOL SET PROGRAM_NAME */
/* JOBSPLIT: SYMBOL GET FERTIGMAIL_DATUM */
/* JOBSPLIT: SYMBOL SET FERTIGMAIL_DATUM */
/* JOBSPLIT: SYMBOL SET X */
/* JOBSPLIT: SYMBOL GET X */
/* JOBSPLIT: SYMBOL GET SCRIPTNAME */
/* JOBSPLIT: SYMBOL SET COMPUTERNAME */
/* JOBSPLIT: SYMBOL GET TS */
/* JOBSPLIT: SYMBOL SET TS */
/* JOBSPLIT: SYMBOL GET SYSPROCESSNAME */
/* JOBSPLIT: ELAPSED 62  */
/* JOBSPLIT: PROCNAME SORT */
/* JOBSPLIT: STEP SOURCE FOLLOWS */

%finish(scriptname=ZLM001);

/* JOBSPLIT: TASKSTARTTIME 27JAN2025:09:36:46.96 */
/* JOBSPLIT: FILE OUTPUT E:\TS\Parallel_prod_Frank\log\ZLM001.scaproc.log */
/* JOBSPLIT: ELAPSED 15  */
/* JOBSPLIT: PROCNAME PRINTTO */
/* JOBSPLIT: STEP SOURCE FOLLOWS */

/* JOBSPLIT: JOBENDTIME 27JAN2025:09:36:46.98 */
/* JOBSPLIT: END */
